<?xml version="1.0" encoding="UTF-8"?>
<testsuite xmlns:xsi="http://www.w3.org/2001/XMLSchema-instance" xsi:noNamespaceSchemaLocation="https://maven.apache.org/surefire/maven-surefire-plugin/xsd/surefire-test-report.xsd" name="com.hmall.service.impl.ItemServiceImplTest" time="12.925" tests="2" errors="1" skipped="0" failures="0">
  <properties>
    <property name="java.specification.version" value="23"/>
    <property name="sun.cpu.isalist" value="amd64"/>
    <property name="sun.jnu.encoding" value="GBK"/>
    <property name="java.class.path" value="C:\Users\12046\Desktop\routine\hmall\hm-service\target\test-classes;C:\Users\12046\Desktop\routine\hmall\hm-service\target\classes;C:\Users\12046\Desktop\routine\hmall\hm-common\target\hm-common-1.0.0.jar;D:\Application\Maven-3.9.9\mvn-repo\org\apache\commons\commons-pool2\2.11.1\commons-pool2-2.11.1.jar;D:\Application\Maven-3.9.9\mvn-repo\cn\hutool\hutool-all\5.8.11\hutool-all-5.8.11.jar;D:\Application\Maven-3.9.9\mvn-repo\org\springframework\boot\spring-boot-starter-logging\2.7.12\spring-boot-starter-logging-2.7.12.jar;D:\Application\Maven-3.9.9\mvn-repo\ch\qos\logback\logback-classic\1.2.12\logback-classic-1.2.12.jar;D:\Application\Maven-3.9.9\mvn-repo\ch\qos\logback\logback-core\1.2.12\logback-core-1.2.12.jar;D:\Application\Maven-3.9.9\mvn-repo\org\apache\logging\log4j\log4j-to-slf4j\2.17.2\log4j-to-slf4j-2.17.2.jar;D:\Application\Maven-3.9.9\mvn-repo\org\apache\logging\log4j\log4j-api\2.17.2\log4j-api-2.17.2.jar;D:\Application\Maven-3.9.9\mvn-repo\org\slf4j\jul-to-slf4j\1.7.36\jul-to-slf4j-1.7.36.jar;D:\Application\Maven-3.9.9\mvn-repo\org\hibernate\validator\hibernate-validator\6.2.5.Final\hibernate-validator-6.2.5.Final.jar;D:\Application\Maven-3.9.9\mvn-repo\jakarta\validation\jakarta.validation-api\2.0.2\jakarta.validation-api-2.0.2.jar;D:\Application\Maven-3.9.9\mvn-repo\org\jboss\logging\jboss-logging\3.4.3.Final\jboss-logging-3.4.3.Final.jar;D:\Application\Maven-3.9.9\mvn-repo\com\fasterxml\classmate\1.5.1\classmate-1.5.1.jar;D:\Application\Maven-3.9.9\mvn-repo\org\springframework\boot\spring-boot-autoconfigure\2.7.12\spring-boot-autoconfigure-2.7.12.jar;D:\Application\Maven-3.9.9\mvn-repo\org\springframework\boot\spring-boot\2.7.12\spring-boot-2.7.12.jar;D:\Application\Maven-3.9.9\mvn-repo\com\github\xiaoymin\knife4j-openapi2-spring-boot-starter\4.1.0\knife4j-openapi2-spring-boot-starter-4.1.0.jar;D:\Application\Maven-3.9.9\mvn-repo\com\github\xiaoymin\knife4j-core\4.1.0\knife4j-core-4.1.0.jar;D:\Application\Maven-3.9.9\mvn-repo\com\github\xiaoymin\knife4j-openapi2-ui\4.1.0\knife4j-openapi2-ui-4.1.0.jar;D:\Application\Maven-3.9.9\mvn-repo\org\javassist\javassist\3.25.0-GA\javassist-3.25.0-GA.jar;D:\Application\Maven-3.9.9\mvn-repo\io\springfox\springfox-swagger2\2.10.5\springfox-swagger2-2.10.5.jar;D:\Application\Maven-3.9.9\mvn-repo\io\springfox\springfox-spi\2.10.5\springfox-spi-2.10.5.jar;D:\Application\Maven-3.9.9\mvn-repo\io\springfox\springfox-core\2.10.5\springfox-core-2.10.5.jar;D:\Application\Maven-3.9.9\mvn-repo\io\springfox\springfox-schema\2.10.5\springfox-schema-2.10.5.jar;D:\Application\Maven-3.9.9\mvn-repo\io\springfox\springfox-swagger-common\2.10.5\springfox-swagger-common-2.10.5.jar;D:\Application\Maven-3.9.9\mvn-repo\io\springfox\springfox-spring-web\2.10.5\springfox-spring-web-2.10.5.jar;D:\Application\Maven-3.9.9\mvn-repo\io\github\classgraph\classgraph\4.1.7\classgraph-4.1.7.jar;D:\Application\Maven-3.9.9\mvn-repo\org\springframework\plugin\spring-plugin-core\2.0.0.RELEASE\spring-plugin-core-2.0.0.RELEASE.jar;D:\Application\Maven-3.9.9\mvn-repo\org\springframework\plugin\spring-plugin-metadata\2.0.0.RELEASE\spring-plugin-metadata-2.0.0.RELEASE.jar;D:\Application\Maven-3.9.9\mvn-repo\org\mapstruct\mapstruct\1.3.1.Final\mapstruct-1.3.1.Final.jar;D:\Application\Maven-3.9.9\mvn-repo\io\swagger\swagger-models\1.6.6\swagger-models-1.6.6.jar;D:\Application\Maven-3.9.9\mvn-repo\com\fasterxml\jackson\core\jackson-annotations\2.13.5\jackson-annotations-2.13.5.jar;D:\Application\Maven-3.9.9\mvn-repo\io\swagger\swagger-annotations\1.6.6\swagger-annotations-1.6.6.jar;D:\Application\Maven-3.9.9\mvn-repo\io\springfox\springfox-bean-validators\2.10.5\springfox-bean-validators-2.10.5.jar;D:\Application\Maven-3.9.9\mvn-repo\io\springfox\springfox-spring-webmvc\2.10.5\springfox-spring-webmvc-2.10.5.jar;D:\Application\Maven-3.9.9\mvn-repo\com\github\ben-manes\caffeine\caffeine\2.9.3\caffeine-2.9.3.jar;D:\Application\Maven-3.9.9\mvn-repo\org\checkerframework\checker-qual\3.19.0\checker-qual-3.19.0.jar;D:\Application\Maven-3.9.9\mvn-repo\com\google\errorprone\error_prone_annotations\2.10.0\error_prone_annotations-2.10.0.jar;D:\Application\Maven-3.9.9\mvn-repo\org\springframework\boot\spring-boot-starter-web\2.7.12\spring-boot-starter-web-2.7.12.jar;D:\Application\Maven-3.9.9\mvn-repo\org\springframework\boot\spring-boot-starter\2.7.12\spring-boot-starter-2.7.12.jar;D:\Application\Maven-3.9.9\mvn-repo\jakarta\annotation\jakarta.annotation-api\1.3.5\jakarta.annotation-api-1.3.5.jar;D:\Application\Maven-3.9.9\mvn-repo\org\yaml\snakeyaml\1.30\snakeyaml-1.30.jar;D:\Application\Maven-3.9.9\mvn-repo\org\springframework\boot\spring-boot-starter-json\2.7.12\spring-boot-starter-json-2.7.12.jar;D:\Application\Maven-3.9.9\mvn-repo\com\fasterxml\jackson\core\jackson-databind\2.13.5\jackson-databind-2.13.5.jar;D:\Application\Maven-3.9.9\mvn-repo\com\fasterxml\jackson\core\jackson-core\2.13.5\jackson-core-2.13.5.jar;D:\Application\Maven-3.9.9\mvn-repo\com\fasterxml\jackson\datatype\jackson-datatype-jdk8\2.13.5\jackson-datatype-jdk8-2.13.5.jar;D:\Application\Maven-3.9.9\mvn-repo\com\fasterxml\jackson\datatype\jackson-datatype-jsr310\2.13.5\jackson-datatype-jsr310-2.13.5.jar;D:\Application\Maven-3.9.9\mvn-repo\com\fasterxml\jackson\module\jackson-module-parameter-names\2.13.5\jackson-module-parameter-names-2.13.5.jar;D:\Application\Maven-3.9.9\mvn-repo\org\springframework\boot\spring-boot-starter-tomcat\2.7.12\spring-boot-starter-tomcat-2.7.12.jar;D:\Application\Maven-3.9.9\mvn-repo\org\apache\tomcat\embed\tomcat-embed-core\9.0.75\tomcat-embed-core-9.0.75.jar;D:\Application\Maven-3.9.9\mvn-repo\org\apache\tomcat\embed\tomcat-embed-el\9.0.75\tomcat-embed-el-9.0.75.jar;D:\Application\Maven-3.9.9\mvn-repo\org\apache\tomcat\embed\tomcat-embed-websocket\9.0.75\tomcat-embed-websocket-9.0.75.jar;D:\Application\Maven-3.9.9\mvn-repo\org\springframework\spring-web\5.3.27\spring-web-5.3.27.jar;D:\Application\Maven-3.9.9\mvn-repo\org\springframework\spring-beans\5.3.27\spring-beans-5.3.27.jar;D:\Application\Maven-3.9.9\mvn-repo\org\springframework\spring-webmvc\5.3.27\spring-webmvc-5.3.27.jar;D:\Application\Maven-3.9.9\mvn-repo\org\springframework\spring-aop\5.3.27\spring-aop-5.3.27.jar;D:\Application\Maven-3.9.9\mvn-repo\org\springframework\spring-context\5.3.27\spring-context-5.3.27.jar;D:\Application\Maven-3.9.9\mvn-repo\org\springframework\spring-expression\5.3.27\spring-expression-5.3.27.jar;D:\Application\Maven-3.9.9\mvn-repo\org\springframework\security\spring-security-crypto\5.7.8\spring-security-crypto-5.7.8.jar;D:\Application\Maven-3.9.9\mvn-repo\org\springframework\security\spring-security-rsa\1.0.9.RELEASE\spring-security-rsa-1.0.9.RELEASE.jar;D:\Application\Maven-3.9.9\mvn-repo\org\bouncycastle\bcpkix-jdk15on\1.64\bcpkix-jdk15on-1.64.jar;D:\Application\Maven-3.9.9\mvn-repo\org\bouncycastle\bcprov-jdk15on\1.64\bcprov-jdk15on-1.64.jar;D:\Application\Maven-3.9.9\mvn-repo\mysql\mysql-connector-java\8.0.23\mysql-connector-java-8.0.23.jar;D:\Application\Maven-3.9.9\mvn-repo\com\google\protobuf\protobuf-java\3.11.4\protobuf-java-3.11.4.jar;D:\Application\Maven-3.9.9\mvn-repo\com\baomidou\mybatis-plus-boot-starter\3.4.3\mybatis-plus-boot-starter-3.4.3.jar;D:\Application\Maven-3.9.9\mvn-repo\com\baomidou\mybatis-plus\3.4.3\mybatis-plus-3.4.3.jar;D:\Application\Maven-3.9.9\mvn-repo\com\baomidou\mybatis-plus-extension\3.4.3\mybatis-plus-extension-3.4.3.jar;D:\Application\Maven-3.9.9\mvn-repo\com\baomidou\mybatis-plus-core\3.4.3\mybatis-plus-core-3.4.3.jar;D:\Application\Maven-3.9.9\mvn-repo\com\baomidou\mybatis-plus-annotation\3.4.3\mybatis-plus-annotation-3.4.3.jar;D:\Application\Maven-3.9.9\mvn-repo\com\github\jsqlparser\jsqlparser\4.0\jsqlparser-4.0.jar;D:\Application\Maven-3.9.9\mvn-repo\org\mybatis\mybatis\3.5.7\mybatis-3.5.7.jar;D:\Application\Maven-3.9.9\mvn-repo\org\mybatis\mybatis-spring\2.0.6\mybatis-spring-2.0.6.jar;D:\Application\Maven-3.9.9\mvn-repo\org\springframework\boot\spring-boot-starter-jdbc\2.7.12\spring-boot-starter-jdbc-2.7.12.jar;D:\Application\Maven-3.9.9\mvn-repo\com\zaxxer\HikariCP\4.0.3\HikariCP-4.0.3.jar;D:\Application\Maven-3.9.9\mvn-repo\org\springframework\spring-jdbc\5.3.27\spring-jdbc-5.3.27.jar;D:\Application\Maven-3.9.9\mvn-repo\org\springframework\boot\spring-boot-starter-test\2.7.12\spring-boot-starter-test-2.7.12.jar;D:\Application\Maven-3.9.9\mvn-repo\org\springframework\boot\spring-boot-test\2.7.12\spring-boot-test-2.7.12.jar;D:\Application\Maven-3.9.9\mvn-repo\org\springframework\boot\spring-boot-test-autoconfigure\2.7.12\spring-boot-test-autoconfigure-2.7.12.jar;D:\Application\Maven-3.9.9\mvn-repo\com\jayway\jsonpath\json-path\2.7.0\json-path-2.7.0.jar;D:\Application\Maven-3.9.9\mvn-repo\net\minidev\json-smart\2.4.11\json-smart-2.4.11.jar;D:\Application\Maven-3.9.9\mvn-repo\net\minidev\accessors-smart\2.4.11\accessors-smart-2.4.11.jar;D:\Application\Maven-3.9.9\mvn-repo\org\ow2\asm\asm\9.3\asm-9.3.jar;D:\Application\Maven-3.9.9\mvn-repo\org\slf4j\slf4j-api\1.7.36\slf4j-api-1.7.36.jar;D:\Application\Maven-3.9.9\mvn-repo\jakarta\xml\bind\jakarta.xml.bind-api\2.3.3\jakarta.xml.bind-api-2.3.3.jar;D:\Application\Maven-3.9.9\mvn-repo\jakarta\activation\jakarta.activation-api\1.2.2\jakarta.activation-api-1.2.2.jar;D:\Application\Maven-3.9.9\mvn-repo\org\assertj\assertj-core\3.22.0\assertj-core-3.22.0.jar;D:\Application\Maven-3.9.9\mvn-repo\org\hamcrest\hamcrest\2.2\hamcrest-2.2.jar;D:\Application\Maven-3.9.9\mvn-repo\org\junit\jupiter\junit-jupiter\5.8.2\junit-jupiter-5.8.2.jar;D:\Application\Maven-3.9.9\mvn-repo\org\junit\jupiter\junit-jupiter-api\5.8.2\junit-jupiter-api-5.8.2.jar;D:\Application\Maven-3.9.9\mvn-repo\org\opentest4j\opentest4j\1.2.0\opentest4j-1.2.0.jar;D:\Application\Maven-3.9.9\mvn-repo\org\junit\platform\junit-platform-commons\1.8.2\junit-platform-commons-1.8.2.jar;D:\Application\Maven-3.9.9\mvn-repo\org\apiguardian\apiguardian-api\1.1.2\apiguardian-api-1.1.2.jar;D:\Application\Maven-3.9.9\mvn-repo\org\junit\jupiter\junit-jupiter-params\5.8.2\junit-jupiter-params-5.8.2.jar;D:\Application\Maven-3.9.9\mvn-repo\org\junit\jupiter\junit-jupiter-engine\5.8.2\junit-jupiter-engine-5.8.2.jar;D:\Application\Maven-3.9.9\mvn-repo\org\junit\platform\junit-platform-engine\1.8.2\junit-platform-engine-1.8.2.jar;D:\Application\Maven-3.9.9\mvn-repo\org\mockito\mockito-core\4.5.1\mockito-core-4.5.1.jar;D:\Application\Maven-3.9.9\mvn-repo\net\bytebuddy\byte-buddy\1.12.23\byte-buddy-1.12.23.jar;D:\Application\Maven-3.9.9\mvn-repo\net\bytebuddy\byte-buddy-agent\1.12.23\byte-buddy-agent-1.12.23.jar;D:\Application\Maven-3.9.9\mvn-repo\org\objenesis\objenesis\3.2\objenesis-3.2.jar;D:\Application\Maven-3.9.9\mvn-repo\org\mockito\mockito-junit-jupiter\4.5.1\mockito-junit-jupiter-4.5.1.jar;D:\Application\Maven-3.9.9\mvn-repo\org\skyscreamer\jsonassert\1.5.1\jsonassert-1.5.1.jar;D:\Application\Maven-3.9.9\mvn-repo\com\vaadin\external\google\android-json\0.0.20131108.vaadin1\android-json-0.0.20131108.vaadin1.jar;D:\Application\Maven-3.9.9\mvn-repo\org\springframework\spring-core\5.3.27\spring-core-5.3.27.jar;D:\Application\Maven-3.9.9\mvn-repo\org\springframework\spring-jcl\5.3.27\spring-jcl-5.3.27.jar;D:\Application\Maven-3.9.9\mvn-repo\org\springframework\spring-test\5.3.27\spring-test-5.3.27.jar;D:\Application\Maven-3.9.9\mvn-repo\org\xmlunit\xmlunit-core\2.9.1\xmlunit-core-2.9.1.jar;D:\Application\Maven-3.9.9\mvn-repo\org\springframework\boot\spring-boot-starter-data-redis\2.7.12\spring-boot-starter-data-redis-2.7.12.jar;D:\Application\Maven-3.9.9\mvn-repo\org\springframework\data\spring-data-redis\2.7.12\spring-data-redis-2.7.12.jar;D:\Application\Maven-3.9.9\mvn-repo\org\springframework\data\spring-data-keyvalue\2.7.12\spring-data-keyvalue-2.7.12.jar;D:\Application\Maven-3.9.9\mvn-repo\org\springframework\data\spring-data-commons\2.7.12\spring-data-commons-2.7.12.jar;D:\Application\Maven-3.9.9\mvn-repo\org\springframework\spring-tx\5.3.27\spring-tx-5.3.27.jar;D:\Application\Maven-3.9.9\mvn-repo\org\springframework\spring-oxm\5.3.27\spring-oxm-5.3.27.jar;D:\Application\Maven-3.9.9\mvn-repo\org\springframework\spring-context-support\5.3.27\spring-context-support-5.3.27.jar;D:\Application\Maven-3.9.9\mvn-repo\io\lettuce\lettuce-core\6.1.10.RELEASE\lettuce-core-6.1.10.RELEASE.jar;D:\Application\Maven-3.9.9\mvn-repo\io\netty\netty-common\4.1.92.Final\netty-common-4.1.92.Final.jar;D:\Application\Maven-3.9.9\mvn-repo\io\netty\netty-handler\4.1.92.Final\netty-handler-4.1.92.Final.jar;D:\Application\Maven-3.9.9\mvn-repo\io\netty\netty-resolver\4.1.92.Final\netty-resolver-4.1.92.Final.jar;D:\Application\Maven-3.9.9\mvn-repo\io\netty\netty-buffer\4.1.92.Final\netty-buffer-4.1.92.Final.jar;D:\Application\Maven-3.9.9\mvn-repo\io\netty\netty-transport-native-unix-common\4.1.92.Final\netty-transport-native-unix-common-4.1.92.Final.jar;D:\Application\Maven-3.9.9\mvn-repo\io\netty\netty-codec\4.1.92.Final\netty-codec-4.1.92.Final.jar;D:\Application\Maven-3.9.9\mvn-repo\io\netty\netty-transport\4.1.92.Final\netty-transport-4.1.92.Final.jar;D:\Application\Maven-3.9.9\mvn-repo\io\projectreactor\reactor-core\3.4.29\reactor-core-3.4.29.jar;D:\Application\Maven-3.9.9\mvn-repo\org\reactivestreams\reactive-streams\1.0.4\reactive-streams-1.0.4.jar;D:\Application\Maven-3.9.9\mvn-repo\org\projectlombok\lombok\1.18.20\lombok-1.18.20.jar;"/>
    <property name="java.vm.vendor" value="Oracle Corporation"/>
    <property name="sun.arch.data.model" value="64"/>
    <property name="user.variant" value=""/>
    <property name="java.vendor.url" value="https://java.oracle.com/"/>
    <property name="user.timezone" value="Asia/Hong_Kong"/>
    <property name="os.name" value="Windows 10"/>
    <property name="java.vm.specification.version" value="23"/>
    <property name="sun.java.launcher" value="SUN_STANDARD"/>
    <property name="user.country" value="CN"/>
    <property name="sun.boot.library.path" value="D:\Application\Java\jdk\bin"/>
    <property name="sun.java.command" value="C:\Users\12046\AppData\Local\Temp\surefire9468644582692542939\surefirebooter7960715981114230881.jar C:\Users\12046\AppData\Local\Temp\surefire9468644582692542939 2024-12-18T16-31-29_776-jvmRun1 surefire9233378818911985540tmp surefire_09200350143211642179tmp"/>
    <property name="jdk.debug" value="release"/>
    <property name="surefire.test.class.path" value="C:\Users\12046\Desktop\routine\hmall\hm-service\target\test-classes;C:\Users\12046\Desktop\routine\hmall\hm-service\target\classes;C:\Users\12046\Desktop\routine\hmall\hm-common\target\hm-common-1.0.0.jar;D:\Application\Maven-3.9.9\mvn-repo\org\apache\commons\commons-pool2\2.11.1\commons-pool2-2.11.1.jar;D:\Application\Maven-3.9.9\mvn-repo\cn\hutool\hutool-all\5.8.11\hutool-all-5.8.11.jar;D:\Application\Maven-3.9.9\mvn-repo\org\springframework\boot\spring-boot-starter-logging\2.7.12\spring-boot-starter-logging-2.7.12.jar;D:\Application\Maven-3.9.9\mvn-repo\ch\qos\logback\logback-classic\1.2.12\logback-classic-1.2.12.jar;D:\Application\Maven-3.9.9\mvn-repo\ch\qos\logback\logback-core\1.2.12\logback-core-1.2.12.jar;D:\Application\Maven-3.9.9\mvn-repo\org\apache\logging\log4j\log4j-to-slf4j\2.17.2\log4j-to-slf4j-2.17.2.jar;D:\Application\Maven-3.9.9\mvn-repo\org\apache\logging\log4j\log4j-api\2.17.2\log4j-api-2.17.2.jar;D:\Application\Maven-3.9.9\mvn-repo\org\slf4j\jul-to-slf4j\1.7.36\jul-to-slf4j-1.7.36.jar;D:\Application\Maven-3.9.9\mvn-repo\org\hibernate\validator\hibernate-validator\6.2.5.Final\hibernate-validator-6.2.5.Final.jar;D:\Application\Maven-3.9.9\mvn-repo\jakarta\validation\jakarta.validation-api\2.0.2\jakarta.validation-api-2.0.2.jar;D:\Application\Maven-3.9.9\mvn-repo\org\jboss\logging\jboss-logging\3.4.3.Final\jboss-logging-3.4.3.Final.jar;D:\Application\Maven-3.9.9\mvn-repo\com\fasterxml\classmate\1.5.1\classmate-1.5.1.jar;D:\Application\Maven-3.9.9\mvn-repo\org\springframework\boot\spring-boot-autoconfigure\2.7.12\spring-boot-autoconfigure-2.7.12.jar;D:\Application\Maven-3.9.9\mvn-repo\org\springframework\boot\spring-boot\2.7.12\spring-boot-2.7.12.jar;D:\Application\Maven-3.9.9\mvn-repo\com\github\xiaoymin\knife4j-openapi2-spring-boot-starter\4.1.0\knife4j-openapi2-spring-boot-starter-4.1.0.jar;D:\Application\Maven-3.9.9\mvn-repo\com\github\xiaoymin\knife4j-core\4.1.0\knife4j-core-4.1.0.jar;D:\Application\Maven-3.9.9\mvn-repo\com\github\xiaoymin\knife4j-openapi2-ui\4.1.0\knife4j-openapi2-ui-4.1.0.jar;D:\Application\Maven-3.9.9\mvn-repo\org\javassist\javassist\3.25.0-GA\javassist-3.25.0-GA.jar;D:\Application\Maven-3.9.9\mvn-repo\io\springfox\springfox-swagger2\2.10.5\springfox-swagger2-2.10.5.jar;D:\Application\Maven-3.9.9\mvn-repo\io\springfox\springfox-spi\2.10.5\springfox-spi-2.10.5.jar;D:\Application\Maven-3.9.9\mvn-repo\io\springfox\springfox-core\2.10.5\springfox-core-2.10.5.jar;D:\Application\Maven-3.9.9\mvn-repo\io\springfox\springfox-schema\2.10.5\springfox-schema-2.10.5.jar;D:\Application\Maven-3.9.9\mvn-repo\io\springfox\springfox-swagger-common\2.10.5\springfox-swagger-common-2.10.5.jar;D:\Application\Maven-3.9.9\mvn-repo\io\springfox\springfox-spring-web\2.10.5\springfox-spring-web-2.10.5.jar;D:\Application\Maven-3.9.9\mvn-repo\io\github\classgraph\classgraph\4.1.7\classgraph-4.1.7.jar;D:\Application\Maven-3.9.9\mvn-repo\org\springframework\plugin\spring-plugin-core\2.0.0.RELEASE\spring-plugin-core-2.0.0.RELEASE.jar;D:\Application\Maven-3.9.9\mvn-repo\org\springframework\plugin\spring-plugin-metadata\2.0.0.RELEASE\spring-plugin-metadata-2.0.0.RELEASE.jar;D:\Application\Maven-3.9.9\mvn-repo\org\mapstruct\mapstruct\1.3.1.Final\mapstruct-1.3.1.Final.jar;D:\Application\Maven-3.9.9\mvn-repo\io\swagger\swagger-models\1.6.6\swagger-models-1.6.6.jar;D:\Application\Maven-3.9.9\mvn-repo\com\fasterxml\jackson\core\jackson-annotations\2.13.5\jackson-annotations-2.13.5.jar;D:\Application\Maven-3.9.9\mvn-repo\io\swagger\swagger-annotations\1.6.6\swagger-annotations-1.6.6.jar;D:\Application\Maven-3.9.9\mvn-repo\io\springfox\springfox-bean-validators\2.10.5\springfox-bean-validators-2.10.5.jar;D:\Application\Maven-3.9.9\mvn-repo\io\springfox\springfox-spring-webmvc\2.10.5\springfox-spring-webmvc-2.10.5.jar;D:\Application\Maven-3.9.9\mvn-repo\com\github\ben-manes\caffeine\caffeine\2.9.3\caffeine-2.9.3.jar;D:\Application\Maven-3.9.9\mvn-repo\org\checkerframework\checker-qual\3.19.0\checker-qual-3.19.0.jar;D:\Application\Maven-3.9.9\mvn-repo\com\google\errorprone\error_prone_annotations\2.10.0\error_prone_annotations-2.10.0.jar;D:\Application\Maven-3.9.9\mvn-repo\org\springframework\boot\spring-boot-starter-web\2.7.12\spring-boot-starter-web-2.7.12.jar;D:\Application\Maven-3.9.9\mvn-repo\org\springframework\boot\spring-boot-starter\2.7.12\spring-boot-starter-2.7.12.jar;D:\Application\Maven-3.9.9\mvn-repo\jakarta\annotation\jakarta.annotation-api\1.3.5\jakarta.annotation-api-1.3.5.jar;D:\Application\Maven-3.9.9\mvn-repo\org\yaml\snakeyaml\1.30\snakeyaml-1.30.jar;D:\Application\Maven-3.9.9\mvn-repo\org\springframework\boot\spring-boot-starter-json\2.7.12\spring-boot-starter-json-2.7.12.jar;D:\Application\Maven-3.9.9\mvn-repo\com\fasterxml\jackson\core\jackson-databind\2.13.5\jackson-databind-2.13.5.jar;D:\Application\Maven-3.9.9\mvn-repo\com\fasterxml\jackson\core\jackson-core\2.13.5\jackson-core-2.13.5.jar;D:\Application\Maven-3.9.9\mvn-repo\com\fasterxml\jackson\datatype\jackson-datatype-jdk8\2.13.5\jackson-datatype-jdk8-2.13.5.jar;D:\Application\Maven-3.9.9\mvn-repo\com\fasterxml\jackson\datatype\jackson-datatype-jsr310\2.13.5\jackson-datatype-jsr310-2.13.5.jar;D:\Application\Maven-3.9.9\mvn-repo\com\fasterxml\jackson\module\jackson-module-parameter-names\2.13.5\jackson-module-parameter-names-2.13.5.jar;D:\Application\Maven-3.9.9\mvn-repo\org\springframework\boot\spring-boot-starter-tomcat\2.7.12\spring-boot-starter-tomcat-2.7.12.jar;D:\Application\Maven-3.9.9\mvn-repo\org\apache\tomcat\embed\tomcat-embed-core\9.0.75\tomcat-embed-core-9.0.75.jar;D:\Application\Maven-3.9.9\mvn-repo\org\apache\tomcat\embed\tomcat-embed-el\9.0.75\tomcat-embed-el-9.0.75.jar;D:\Application\Maven-3.9.9\mvn-repo\org\apache\tomcat\embed\tomcat-embed-websocket\9.0.75\tomcat-embed-websocket-9.0.75.jar;D:\Application\Maven-3.9.9\mvn-repo\org\springframework\spring-web\5.3.27\spring-web-5.3.27.jar;D:\Application\Maven-3.9.9\mvn-repo\org\springframework\spring-beans\5.3.27\spring-beans-5.3.27.jar;D:\Application\Maven-3.9.9\mvn-repo\org\springframework\spring-webmvc\5.3.27\spring-webmvc-5.3.27.jar;D:\Application\Maven-3.9.9\mvn-repo\org\springframework\spring-aop\5.3.27\spring-aop-5.3.27.jar;D:\Application\Maven-3.9.9\mvn-repo\org\springframework\spring-context\5.3.27\spring-context-5.3.27.jar;D:\Application\Maven-3.9.9\mvn-repo\org\springframework\spring-expression\5.3.27\spring-expression-5.3.27.jar;D:\Application\Maven-3.9.9\mvn-repo\org\springframework\security\spring-security-crypto\5.7.8\spring-security-crypto-5.7.8.jar;D:\Application\Maven-3.9.9\mvn-repo\org\springframework\security\spring-security-rsa\1.0.9.RELEASE\spring-security-rsa-1.0.9.RELEASE.jar;D:\Application\Maven-3.9.9\mvn-repo\org\bouncycastle\bcpkix-jdk15on\1.64\bcpkix-jdk15on-1.64.jar;D:\Application\Maven-3.9.9\mvn-repo\org\bouncycastle\bcprov-jdk15on\1.64\bcprov-jdk15on-1.64.jar;D:\Application\Maven-3.9.9\mvn-repo\mysql\mysql-connector-java\8.0.23\mysql-connector-java-8.0.23.jar;D:\Application\Maven-3.9.9\mvn-repo\com\google\protobuf\protobuf-java\3.11.4\protobuf-java-3.11.4.jar;D:\Application\Maven-3.9.9\mvn-repo\com\baomidou\mybatis-plus-boot-starter\3.4.3\mybatis-plus-boot-starter-3.4.3.jar;D:\Application\Maven-3.9.9\mvn-repo\com\baomidou\mybatis-plus\3.4.3\mybatis-plus-3.4.3.jar;D:\Application\Maven-3.9.9\mvn-repo\com\baomidou\mybatis-plus-extension\3.4.3\mybatis-plus-extension-3.4.3.jar;D:\Application\Maven-3.9.9\mvn-repo\com\baomidou\mybatis-plus-core\3.4.3\mybatis-plus-core-3.4.3.jar;D:\Application\Maven-3.9.9\mvn-repo\com\baomidou\mybatis-plus-annotation\3.4.3\mybatis-plus-annotation-3.4.3.jar;D:\Application\Maven-3.9.9\mvn-repo\com\github\jsqlparser\jsqlparser\4.0\jsqlparser-4.0.jar;D:\Application\Maven-3.9.9\mvn-repo\org\mybatis\mybatis\3.5.7\mybatis-3.5.7.jar;D:\Application\Maven-3.9.9\mvn-repo\org\mybatis\mybatis-spring\2.0.6\mybatis-spring-2.0.6.jar;D:\Application\Maven-3.9.9\mvn-repo\org\springframework\boot\spring-boot-starter-jdbc\2.7.12\spring-boot-starter-jdbc-2.7.12.jar;D:\Application\Maven-3.9.9\mvn-repo\com\zaxxer\HikariCP\4.0.3\HikariCP-4.0.3.jar;D:\Application\Maven-3.9.9\mvn-repo\org\springframework\spring-jdbc\5.3.27\spring-jdbc-5.3.27.jar;D:\Application\Maven-3.9.9\mvn-repo\org\springframework\boot\spring-boot-starter-test\2.7.12\spring-boot-starter-test-2.7.12.jar;D:\Application\Maven-3.9.9\mvn-repo\org\springframework\boot\spring-boot-test\2.7.12\spring-boot-test-2.7.12.jar;D:\Application\Maven-3.9.9\mvn-repo\org\springframework\boot\spring-boot-test-autoconfigure\2.7.12\spring-boot-test-autoconfigure-2.7.12.jar;D:\Application\Maven-3.9.9\mvn-repo\com\jayway\jsonpath\json-path\2.7.0\json-path-2.7.0.jar;D:\Application\Maven-3.9.9\mvn-repo\net\minidev\json-smart\2.4.11\json-smart-2.4.11.jar;D:\Application\Maven-3.9.9\mvn-repo\net\minidev\accessors-smart\2.4.11\accessors-smart-2.4.11.jar;D:\Application\Maven-3.9.9\mvn-repo\org\ow2\asm\asm\9.3\asm-9.3.jar;D:\Application\Maven-3.9.9\mvn-repo\org\slf4j\slf4j-api\1.7.36\slf4j-api-1.7.36.jar;D:\Application\Maven-3.9.9\mvn-repo\jakarta\xml\bind\jakarta.xml.bind-api\2.3.3\jakarta.xml.bind-api-2.3.3.jar;D:\Application\Maven-3.9.9\mvn-repo\jakarta\activation\jakarta.activation-api\1.2.2\jakarta.activation-api-1.2.2.jar;D:\Application\Maven-3.9.9\mvn-repo\org\assertj\assertj-core\3.22.0\assertj-core-3.22.0.jar;D:\Application\Maven-3.9.9\mvn-repo\org\hamcrest\hamcrest\2.2\hamcrest-2.2.jar;D:\Application\Maven-3.9.9\mvn-repo\org\junit\jupiter\junit-jupiter\5.8.2\junit-jupiter-5.8.2.jar;D:\Application\Maven-3.9.9\mvn-repo\org\junit\jupiter\junit-jupiter-api\5.8.2\junit-jupiter-api-5.8.2.jar;D:\Application\Maven-3.9.9\mvn-repo\org\opentest4j\opentest4j\1.2.0\opentest4j-1.2.0.jar;D:\Application\Maven-3.9.9\mvn-repo\org\junit\platform\junit-platform-commons\1.8.2\junit-platform-commons-1.8.2.jar;D:\Application\Maven-3.9.9\mvn-repo\org\apiguardian\apiguardian-api\1.1.2\apiguardian-api-1.1.2.jar;D:\Application\Maven-3.9.9\mvn-repo\org\junit\jupiter\junit-jupiter-params\5.8.2\junit-jupiter-params-5.8.2.jar;D:\Application\Maven-3.9.9\mvn-repo\org\junit\jupiter\junit-jupiter-engine\5.8.2\junit-jupiter-engine-5.8.2.jar;D:\Application\Maven-3.9.9\mvn-repo\org\junit\platform\junit-platform-engine\1.8.2\junit-platform-engine-1.8.2.jar;D:\Application\Maven-3.9.9\mvn-repo\org\mockito\mockito-core\4.5.1\mockito-core-4.5.1.jar;D:\Application\Maven-3.9.9\mvn-repo\net\bytebuddy\byte-buddy\1.12.23\byte-buddy-1.12.23.jar;D:\Application\Maven-3.9.9\mvn-repo\net\bytebuddy\byte-buddy-agent\1.12.23\byte-buddy-agent-1.12.23.jar;D:\Application\Maven-3.9.9\mvn-repo\org\objenesis\objenesis\3.2\objenesis-3.2.jar;D:\Application\Maven-3.9.9\mvn-repo\org\mockito\mockito-junit-jupiter\4.5.1\mockito-junit-jupiter-4.5.1.jar;D:\Application\Maven-3.9.9\mvn-repo\org\skyscreamer\jsonassert\1.5.1\jsonassert-1.5.1.jar;D:\Application\Maven-3.9.9\mvn-repo\com\vaadin\external\google\android-json\0.0.20131108.vaadin1\android-json-0.0.20131108.vaadin1.jar;D:\Application\Maven-3.9.9\mvn-repo\org\springframework\spring-core\5.3.27\spring-core-5.3.27.jar;D:\Application\Maven-3.9.9\mvn-repo\org\springframework\spring-jcl\5.3.27\spring-jcl-5.3.27.jar;D:\Application\Maven-3.9.9\mvn-repo\org\springframework\spring-test\5.3.27\spring-test-5.3.27.jar;D:\Application\Maven-3.9.9\mvn-repo\org\xmlunit\xmlunit-core\2.9.1\xmlunit-core-2.9.1.jar;D:\Application\Maven-3.9.9\mvn-repo\org\springframework\boot\spring-boot-starter-data-redis\2.7.12\spring-boot-starter-data-redis-2.7.12.jar;D:\Application\Maven-3.9.9\mvn-repo\org\springframework\data\spring-data-redis\2.7.12\spring-data-redis-2.7.12.jar;D:\Application\Maven-3.9.9\mvn-repo\org\springframework\data\spring-data-keyvalue\2.7.12\spring-data-keyvalue-2.7.12.jar;D:\Application\Maven-3.9.9\mvn-repo\org\springframework\data\spring-data-commons\2.7.12\spring-data-commons-2.7.12.jar;D:\Application\Maven-3.9.9\mvn-repo\org\springframework\spring-tx\5.3.27\spring-tx-5.3.27.jar;D:\Application\Maven-3.9.9\mvn-repo\org\springframework\spring-oxm\5.3.27\spring-oxm-5.3.27.jar;D:\Application\Maven-3.9.9\mvn-repo\org\springframework\spring-context-support\5.3.27\spring-context-support-5.3.27.jar;D:\Application\Maven-3.9.9\mvn-repo\io\lettuce\lettuce-core\6.1.10.RELEASE\lettuce-core-6.1.10.RELEASE.jar;D:\Application\Maven-3.9.9\mvn-repo\io\netty\netty-common\4.1.92.Final\netty-common-4.1.92.Final.jar;D:\Application\Maven-3.9.9\mvn-repo\io\netty\netty-handler\4.1.92.Final\netty-handler-4.1.92.Final.jar;D:\Application\Maven-3.9.9\mvn-repo\io\netty\netty-resolver\4.1.92.Final\netty-resolver-4.1.92.Final.jar;D:\Application\Maven-3.9.9\mvn-repo\io\netty\netty-buffer\4.1.92.Final\netty-buffer-4.1.92.Final.jar;D:\Application\Maven-3.9.9\mvn-repo\io\netty\netty-transport-native-unix-common\4.1.92.Final\netty-transport-native-unix-common-4.1.92.Final.jar;D:\Application\Maven-3.9.9\mvn-repo\io\netty\netty-codec\4.1.92.Final\netty-codec-4.1.92.Final.jar;D:\Application\Maven-3.9.9\mvn-repo\io\netty\netty-transport\4.1.92.Final\netty-transport-4.1.92.Final.jar;D:\Application\Maven-3.9.9\mvn-repo\io\projectreactor\reactor-core\3.4.29\reactor-core-3.4.29.jar;D:\Application\Maven-3.9.9\mvn-repo\org\reactivestreams\reactive-streams\1.0.4\reactive-streams-1.0.4.jar;D:\Application\Maven-3.9.9\mvn-repo\org\projectlombok\lombok\1.18.20\lombok-1.18.20.jar;"/>
    <property name="sun.cpu.endian" value="little"/>
    <property name="user.home" value="C:\Users\12046"/>
    <property name="user.language" value="zh"/>
    <property name="java.specification.vendor" value="Oracle Corporation"/>
    <property name="java.version.date" value="2024-09-17"/>
    <property name="java.home" value="D:\Application\Java\jdk"/>
    <property name="file.separator" value="\"/>
    <property name="basedir" value="C:\Users\12046\Desktop\routine\hmall\hm-service"/>
    <property name="java.vm.compressedOopsMode" value="Zero based"/>
    <property name="line.separator" value="&#10;"/>
    <property name="java.vm.specification.vendor" value="Oracle Corporation"/>
    <property name="java.specification.name" value="Java Platform API Specification"/>
    <property name="surefire.real.class.path" value="C:\Users\12046\AppData\Local\Temp\surefire9468644582692542939\surefirebooter7960715981114230881.jar"/>
    <property name="user.script" value=""/>
    <property name="sun.management.compiler" value="HotSpot 64-Bit Tiered Compilers"/>
    <property name="java.runtime.version" value="23+37-2369"/>
    <property name="user.name" value="12046"/>
    <property name="stdout.encoding" value="GBK"/>
    <property name="path.separator" value=";"/>
    <property name="os.version" value="10.0"/>
    <property name="java.runtime.name" value="Java(TM) SE Runtime Environment"/>
    <property name="file.encoding" value="UTF-8"/>
    <property name="java.vm.name" value="Java HotSpot(TM) 64-Bit Server VM"/>
    <property name="localRepository" value="D:\Application\Maven-3.9.9\mvn-repo"/>
    <property name="java.vendor.url.bug" value="https://bugreport.java.com/bugreport/"/>
    <property name="java.io.tmpdir" value="C:\Users\12046\AppData\Local\Temp\"/>
    <property name="java.version" value="23"/>
    <property name="user.dir" value="C:\Users\12046\Desktop\routine\hmall\hm-service"/>
    <property name="os.arch" value="amd64"/>
    <property name="java.vm.specification.name" value="Java Virtual Machine Specification"/>
    <property name="sun.os.patch.level" value=""/>
    <property name="native.encoding" value="GBK"/>
    <property name="java.library.path" value="D:\Application\Java\jdk\bin;C:\WINDOWS\Sun\Java\bin;C:\WINDOWS\system32;C:\WINDOWS;D:\Application\Anaconda\condabin;C:\Users\12046\Desktop\sharding;D:\Application\VMware\bin\;C:\Windows\system32;C:\Windows;C:\Windows\System32\Wbem;C:\Windows\System32\WindowsPowerShell\v1.0\;C:\Windows\System32\OpenSSH\;C:\Program Files\NVIDIA Corporation\NVIDIA NvDLISR;D:\00NJUST\runtime\win64;D:\00NJUST\polyspace\bin;D:\00NJUST\Matlab\polyspace\bin;D:\LINGO12\;D:\00NJUST\Edit_polish\latex\texlive\2020\bin\win64;D:\00NJUST\Edit_polish\latex\texlive\2020\bin\win32;C:\WINDOWS\system32;C:\WINDOWS;C:\WINDOWS\System32\Wbem;C:\WINDOWS\System32\WindowsPowerShell\v1.0\;C:\WINDOWS\System32\OpenSSH\;D:\Application\Matlab\runtime\win64;D:\Application\Matlab\bin;D:\Application\Zotero\extensions\PDFtk Server\bin\;C:\Program Files (x86)\ZeroTier\One\;D:\Application\Anaconda;D:\Application\Anaconda\Scripts;D:\Application\Anaconda\Library\bin;D:\Application\Anaconda\Library\mingw-w64\bin;D:\Application\Java\jdk\bin;D:\Application\Maven-3.9.9\bin;D:\Application\Mysql-9.0.1\bin;D:\Application\Tomcat-11.0.1\bin;D:\Application\Git\cmd;;D:\Application\WeiChatWebDeveloper\dll;C:\Users\12046\AppData\Local\Microsoft\WindowsApps;D:\Application\Microsoft VS Code\bin;."/>
    <property name="java.vm.info" value="mixed mode, sharing"/>
    <property name="stderr.encoding" value="GBK"/>
    <property name="java.vendor" value="Oracle Corporation"/>
    <property name="java.vm.version" value="23+37-2369"/>
    <property name="sun.io.unicode.encoding" value="UnicodeLittle"/>
    <property name="java.class.version" value="67.0"/>
  </properties>
  <testcase name="testJwt" classname="com.hmall.service.impl.ItemServiceImplTest" time="0.297"/>
  <testcase name="deductStock" classname="com.hmall.service.impl.ItemServiceImplTest" time="7.459">
    <error message="更新库存异常，可能是库存不足!" type="com.hmall.common.exception.BizIllegalException">com.hmall.common.exception.BizIllegalException: 更新库存异常，可能是库存不足!
	at com.hmall.service.impl.ItemServiceImplTest.deductStock(ItemServiceImplTest.java:34)
Caused by: org.mybatis.spring.MyBatisSystemException: 
nested exception is org.apache.ibatis.exceptions.PersistenceException: 
### Error updating database.  Cause: org.springframework.jdbc.CannotGetJdbcConnectionException: Failed to obtain JDBC Connection; nested exception is java.sql.SQLNonTransientConnectionException: Could not create connection to database server. Attempted reconnect 3 times. Giving up.
### The error may exist in com/hmall/mapper/ItemMapper.java (best guess)
### The error may involve com.hmall.mapper.ItemMapper.updateStock
### The error occurred while executing an update
### Cause: org.springframework.jdbc.CannotGetJdbcConnectionException: Failed to obtain JDBC Connection; nested exception is java.sql.SQLNonTransientConnectionException: Could not create connection to database server. Attempted reconnect 3 times. Giving up.
	at com.hmall.service.impl.ItemServiceImplTest.deductStock(ItemServiceImplTest.java:34)
Caused by: org.apache.ibatis.exceptions.PersistenceException: 

### Error updating database.  Cause: org.springframework.jdbc.CannotGetJdbcConnectionException: Failed to obtain JDBC Connection; nested exception is java.sql.SQLNonTransientConnectionException: Could not create connection to database server. Attempted reconnect 3 times. Giving up.
### The error may exist in com/hmall/mapper/ItemMapper.java (best guess)
### The error may involve com.hmall.mapper.ItemMapper.updateStock
### The error occurred while executing an update
### Cause: org.springframework.jdbc.CannotGetJdbcConnectionException: Failed to obtain JDBC Connection; nested exception is java.sql.SQLNonTransientConnectionException: Could not create connection to database server. Attempted reconnect 3 times. Giving up.
	at com.hmall.service.impl.ItemServiceImplTest.deductStock(ItemServiceImplTest.java:34)
Caused by: org.springframework.jdbc.CannotGetJdbcConnectionException: Failed to obtain JDBC Connection; nested exception is java.sql.SQLNonTransientConnectionException: Could not create connection to database server. Attempted reconnect 3 times. Giving up.
	at com.hmall.service.impl.ItemServiceImplTest.deductStock(ItemServiceImplTest.java:34)
Caused by: java.sql.SQLNonTransientConnectionException: Could not create connection to database server. Attempted reconnect 3 times. Giving up.
	at com.hmall.service.impl.ItemServiceImplTest.deductStock(ItemServiceImplTest.java:34)
Caused by: com.mysql.cj.exceptions.CJCommunicationsException: 
Communications link failure

The last packet sent successfully to the server was 0 milliseconds ago. The driver has not received any packets from the server.
	at com.hmall.service.impl.ItemServiceImplTest.deductStock(ItemServiceImplTest.java:34)
Caused by: java.net.UnknownHostException: mysql
	at com.hmall.service.impl.ItemServiceImplTest.deductStock(ItemServiceImplTest.java:34)
</error>
    <system-out><![CDATA[16:31:40:842  WARN 13232 --- [           main] com.hmall.service.impl.ItemServiceImpl   : SqlSession [org.apache.ibatis.session.defaults.DefaultSqlSession@528c4353] Transaction not enabled
16:31:40:850  INFO 13232 --- [           main] com.zaxxer.hikari.HikariDataSource       : HikariPool-1 - Starting...
16:31:48:266 ERROR 13232 --- [           main] com.zaxxer.hikari.pool.HikariPool        : HikariPool-1 - Exception during pool initialization.

java.sql.SQLNonTransientConnectionException: Could not create connection to database server. Attempted reconnect 3 times. Giving up.
	at com.mysql.cj.jdbc.exceptions.SQLError.createSQLException(SQLError.java:110) ~[mysql-connector-java-8.0.23.jar:8.0.23]
	at com.mysql.cj.jdbc.exceptions.SQLError.createSQLException(SQLError.java:97) ~[mysql-connector-java-8.0.23.jar:8.0.23]
	at com.mysql.cj.jdbc.exceptions.SQLError.createSQLException(SQLError.java:89) ~[mysql-connector-java-8.0.23.jar:8.0.23]
	at com.mysql.cj.jdbc.exceptions.SQLError.createSQLException(SQLError.java:63) ~[mysql-connector-java-8.0.23.jar:8.0.23]
	at com.mysql.cj.jdbc.exceptions.SQLError.createSQLException(SQLError.java:73) ~[mysql-connector-java-8.0.23.jar:8.0.23]
	at com.mysql.cj.jdbc.ConnectionImpl.connectWithRetries(ConnectionImpl.java:903) ~[mysql-connector-java-8.0.23.jar:8.0.23]
	at com.mysql.cj.jdbc.ConnectionImpl.createNewIO(ConnectionImpl.java:828) ~[mysql-connector-java-8.0.23.jar:8.0.23]
	at com.mysql.cj.jdbc.ConnectionImpl.<init>(ConnectionImpl.java:453) ~[mysql-connector-java-8.0.23.jar:8.0.23]
	at com.mysql.cj.jdbc.ConnectionImpl.getInstance(ConnectionImpl.java:246) ~[mysql-connector-java-8.0.23.jar:8.0.23]
	at com.mysql.cj.jdbc.NonRegisteringDriver.connect(NonRegisteringDriver.java:198) ~[mysql-connector-java-8.0.23.jar:8.0.23]
	at com.zaxxer.hikari.util.DriverDataSource.getConnection(DriverDataSource.java:138) ~[HikariCP-4.0.3.jar:na]
	at com.zaxxer.hikari.pool.PoolBase.newConnection(PoolBase.java:364) ~[HikariCP-4.0.3.jar:na]
	at com.zaxxer.hikari.pool.PoolBase.newPoolEntry(PoolBase.java:206) ~[HikariCP-4.0.3.jar:na]
	at com.zaxxer.hikari.pool.HikariPool.createPoolEntry(HikariPool.java:476) ~[HikariCP-4.0.3.jar:na]
	at com.zaxxer.hikari.pool.HikariPool.checkFailFast(HikariPool.java:561) ~[HikariCP-4.0.3.jar:na]
	at com.zaxxer.hikari.pool.HikariPool.<init>(HikariPool.java:115) ~[HikariCP-4.0.3.jar:na]
	at com.zaxxer.hikari.HikariDataSource.getConnection(HikariDataSource.java:112) ~[HikariCP-4.0.3.jar:na]
	at org.springframework.jdbc.datasource.DataSourceUtils.fetchConnection(DataSourceUtils.java:159) ~[spring-jdbc-5.3.27.jar:5.3.27]
	at org.springframework.jdbc.datasource.DataSourceUtils.doGetConnection(DataSourceUtils.java:117) ~[spring-jdbc-5.3.27.jar:5.3.27]
	at org.springframework.jdbc.datasource.DataSourceUtils.getConnection(DataSourceUtils.java:80) ~[spring-jdbc-5.3.27.jar:5.3.27]
	at org.mybatis.spring.transaction.SpringManagedTransaction.openConnection(SpringManagedTransaction.java:80) ~[mybatis-spring-2.0.6.jar:2.0.6]
	at org.mybatis.spring.transaction.SpringManagedTransaction.getConnection(SpringManagedTransaction.java:67) ~[mybatis-spring-2.0.6.jar:2.0.6]
	at org.apache.ibatis.executor.BaseExecutor.getConnection(BaseExecutor.java:337) ~[mybatis-3.5.7.jar:3.5.7]
	at org.apache.ibatis.executor.BatchExecutor.doUpdate(BatchExecutor.java:69) ~[mybatis-3.5.7.jar:3.5.7]
	at org.apache.ibatis.executor.BaseExecutor.update(BaseExecutor.java:117) ~[mybatis-3.5.7.jar:3.5.7]
	at org.apache.ibatis.executor.CachingExecutor.update(CachingExecutor.java:76) ~[mybatis-3.5.7.jar:3.5.7]
	at java.base/jdk.internal.reflect.DirectMethodHandleAccessor.invoke(DirectMethodHandleAccessor.java:103) ~[na:na]
	at java.base/java.lang.reflect.Method.invoke(Method.java:580) ~[na:na]
	at org.apache.ibatis.plugin.Invocation.proceed(Invocation.java:49) ~[mybatis-3.5.7.jar:3.5.7]
	at com.baomidou.mybatisplus.extension.plugins.MybatisPlusInterceptor.intercept(MybatisPlusInterceptor.java:106) ~[mybatis-plus-extension-3.4.3.jar:3.4.3]
	at org.apache.ibatis.plugin.Plugin.invoke(Plugin.java:62) ~[mybatis-3.5.7.jar:3.5.7]
	at jdk.proxy2/jdk.proxy2.$Proxy166.update(Unknown Source) ~[na:na]
	at org.apache.ibatis.session.defaults.DefaultSqlSession.update(DefaultSqlSession.java:194) ~[mybatis-3.5.7.jar:3.5.7]
	at com.hmall.service.impl.ItemServiceImpl.lambda$0(ItemServiceImpl.java:31) ~[classes/:na]
	at com.baomidou.mybatisplus.extension.toolkit.SqlHelper.lambda$executeBatch$1(SqlHelper.java:208) ~[mybatis-plus-extension-3.4.3.jar:3.4.3]
	at com.baomidou.mybatisplus.extension.toolkit.SqlHelper.executeBatch(SqlHelper.java:169) ~[mybatis-plus-extension-3.4.3.jar:3.4.3]
	at com.baomidou.mybatisplus.extension.toolkit.SqlHelper.executeBatch(SqlHelper.java:204) ~[mybatis-plus-extension-3.4.3.jar:3.4.3]
	at com.baomidou.mybatisplus.extension.service.impl.ServiceImpl.executeBatch(ServiceImpl.java:248) ~[mybatis-plus-extension-3.4.3.jar:3.4.3]
	at com.baomidou.mybatisplus.extension.service.impl.ServiceImpl.executeBatch(ServiceImpl.java:261) ~[mybatis-plus-extension-3.4.3.jar:3.4.3]
	at com.hmall.service.impl.ItemServiceImpl.deductStock(ItemServiceImpl.java:31) ~[classes/:na]
	at com.hmall.service.impl.ItemServiceImpl$$FastClassBySpringCGLIB$$97d28cc.invoke(<generated>) ~[classes/:na]
	at org.springframework.cglib.proxy.MethodProxy.invoke(MethodProxy.java:218) ~[spring-core-5.3.27.jar:5.3.27]
	at org.springframework.aop.framework.CglibAopProxy.invokeMethod(CglibAopProxy.java:386) ~[spring-aop-5.3.27.jar:5.3.27]
	at org.springframework.aop.framework.CglibAopProxy.access$000(CglibAopProxy.java:85) ~[spring-aop-5.3.27.jar:5.3.27]
	at org.springframework.aop.framework.CglibAopProxy$DynamicAdvisedInterceptor.intercept(CglibAopProxy.java:704) ~[spring-aop-5.3.27.jar:5.3.27]
	at com.hmall.service.impl.ItemServiceImpl$$EnhancerBySpringCGLIB$$2591aaa1.deductStock(<generated>) ~[classes/:na]
	at com.hmall.service.impl.ItemServiceImplTest.deductStock(ItemServiceImplTest.java:34) ~[test-classes/:na]
	at java.base/jdk.internal.reflect.DirectMethodHandleAccessor.invoke(DirectMethodHandleAccessor.java:103) ~[na:na]
	at java.base/java.lang.reflect.Method.invoke(Method.java:580) ~[na:na]
	at org.junit.platform.commons.util.ReflectionUtils.invokeMethod(ReflectionUtils.java:725) ~[junit-platform-commons-1.8.2.jar:1.8.2]
	at org.junit.jupiter.engine.execution.MethodInvocation.proceed(MethodInvocation.java:60) ~[junit-jupiter-engine-5.8.2.jar:5.8.2]
	at org.junit.jupiter.engine.execution.InvocationInterceptorChain$ValidatingInvocation.proceed(InvocationInterceptorChain.java:131) ~[junit-jupiter-engine-5.8.2.jar:5.8.2]
	at org.junit.jupiter.engine.extension.TimeoutExtension.intercept(TimeoutExtension.java:149) ~[junit-jupiter-engine-5.8.2.jar:5.8.2]
	at org.junit.jupiter.engine.extension.TimeoutExtension.interceptTestableMethod(TimeoutExtension.java:140) ~[junit-jupiter-engine-5.8.2.jar:5.8.2]
	at org.junit.jupiter.engine.extension.TimeoutExtension.interceptTestMethod(TimeoutExtension.java:84) ~[junit-jupiter-engine-5.8.2.jar:5.8.2]
	at org.junit.jupiter.engine.execution.ExecutableInvoker$ReflectiveInterceptorCall.lambda$ofVoidMethod$0(ExecutableInvoker.java:115) ~[junit-jupiter-engine-5.8.2.jar:5.8.2]
	at org.junit.jupiter.engine.execution.ExecutableInvoker.lambda$invoke$0(ExecutableInvoker.java:105) ~[junit-jupiter-engine-5.8.2.jar:5.8.2]
	at org.junit.jupiter.engine.execution.InvocationInterceptorChain$InterceptedInvocation.proceed(InvocationInterceptorChain.java:106) ~[junit-jupiter-engine-5.8.2.jar:5.8.2]
	at org.junit.jupiter.engine.execution.InvocationInterceptorChain.proceed(InvocationInterceptorChain.java:64) ~[junit-jupiter-engine-5.8.2.jar:5.8.2]
	at org.junit.jupiter.engine.execution.InvocationInterceptorChain.chainAndInvoke(InvocationInterceptorChain.java:45) ~[junit-jupiter-engine-5.8.2.jar:5.8.2]
	at org.junit.jupiter.engine.execution.InvocationInterceptorChain.invoke(InvocationInterceptorChain.java:37) ~[junit-jupiter-engine-5.8.2.jar:5.8.2]
	at org.junit.jupiter.engine.execution.ExecutableInvoker.invoke(ExecutableInvoker.java:104) ~[junit-jupiter-engine-5.8.2.jar:5.8.2]
	at org.junit.jupiter.engine.execution.ExecutableInvoker.invoke(ExecutableInvoker.java:98) ~[junit-jupiter-engine-5.8.2.jar:5.8.2]
	at org.junit.jupiter.engine.descriptor.TestMethodTestDescriptor.lambda$invokeTestMethod$7(TestMethodTestDescriptor.java:214) ~[junit-jupiter-engine-5.8.2.jar:5.8.2]
	at org.junit.platform.engine.support.hierarchical.ThrowableCollector.execute(ThrowableCollector.java:73) ~[junit-platform-engine-1.8.2.jar:1.8.2]
	at org.junit.jupiter.engine.descriptor.TestMethodTestDescriptor.invokeTestMethod(TestMethodTestDescriptor.java:210) ~[junit-jupiter-engine-5.8.2.jar:5.8.2]
	at org.junit.jupiter.engine.descriptor.TestMethodTestDescriptor.execute(TestMethodTestDescriptor.java:135) ~[junit-jupiter-engine-5.8.2.jar:5.8.2]
	at org.junit.jupiter.engine.descriptor.TestMethodTestDescriptor.execute(TestMethodTestDescriptor.java:66) ~[junit-jupiter-engine-5.8.2.jar:5.8.2]
	at org.junit.platform.engine.support.hierarchical.NodeTestTask.lambda$executeRecursively$6(NodeTestTask.java:151) ~[junit-platform-engine-1.8.2.jar:1.8.2]
	at org.junit.platform.engine.support.hierarchical.ThrowableCollector.execute(ThrowableCollector.java:73) ~[junit-platform-engine-1.8.2.jar:1.8.2]
	at org.junit.platform.engine.support.hierarchical.NodeTestTask.lambda$executeRecursively$8(NodeTestTask.java:141) ~[junit-platform-engine-1.8.2.jar:1.8.2]
	at org.junit.platform.engine.support.hierarchical.Node.around(Node.java:137) ~[junit-platform-engine-1.8.2.jar:1.8.2]
	at org.junit.platform.engine.support.hierarchical.NodeTestTask.lambda$executeRecursively$9(NodeTestTask.java:139) ~[junit-platform-engine-1.8.2.jar:1.8.2]
	at org.junit.platform.engine.support.hierarchical.ThrowableCollector.execute(ThrowableCollector.java:73) ~[junit-platform-engine-1.8.2.jar:1.8.2]
	at org.junit.platform.engine.support.hierarchical.NodeTestTask.executeRecursively(NodeTestTask.java:138) ~[junit-platform-engine-1.8.2.jar:1.8.2]
	at org.junit.platform.engine.support.hierarchical.NodeTestTask.execute(NodeTestTask.java:95) ~[junit-platform-engine-1.8.2.jar:1.8.2]
	at java.base/java.util.ArrayList.forEach(ArrayList.java:1597) ~[na:na]
	at org.junit.platform.engine.support.hierarchical.SameThreadHierarchicalTestExecutorService.invokeAll(SameThreadHierarchicalTestExecutorService.java:41) ~[junit-platform-engine-1.8.2.jar:1.8.2]
	at org.junit.platform.engine.support.hierarchical.NodeTestTask.lambda$executeRecursively$6(NodeTestTask.java:155) ~[junit-platform-engine-1.8.2.jar:1.8.2]
	at org.junit.platform.engine.support.hierarchical.ThrowableCollector.execute(ThrowableCollector.java:73) ~[junit-platform-engine-1.8.2.jar:1.8.2]
	at org.junit.platform.engine.support.hierarchical.NodeTestTask.lambda$executeRecursively$8(NodeTestTask.java:141) ~[junit-platform-engine-1.8.2.jar:1.8.2]
	at org.junit.platform.engine.support.hierarchical.Node.around(Node.java:137) ~[junit-platform-engine-1.8.2.jar:1.8.2]
	at org.junit.platform.engine.support.hierarchical.NodeTestTask.lambda$executeRecursively$9(NodeTestTask.java:139) ~[junit-platform-engine-1.8.2.jar:1.8.2]
	at org.junit.platform.engine.support.hierarchical.ThrowableCollector.execute(ThrowableCollector.java:73) ~[junit-platform-engine-1.8.2.jar:1.8.2]
	at org.junit.platform.engine.support.hierarchical.NodeTestTask.executeRecursively(NodeTestTask.java:138) ~[junit-platform-engine-1.8.2.jar:1.8.2]
	at org.junit.platform.engine.support.hierarchical.NodeTestTask.execute(NodeTestTask.java:95) ~[junit-platform-engine-1.8.2.jar:1.8.2]
	at java.base/java.util.ArrayList.forEach(ArrayList.java:1597) ~[na:na]
	at org.junit.platform.engine.support.hierarchical.SameThreadHierarchicalTestExecutorService.invokeAll(SameThreadHierarchicalTestExecutorService.java:41) ~[junit-platform-engine-1.8.2.jar:1.8.2]
	at org.junit.platform.engine.support.hierarchical.NodeTestTask.lambda$executeRecursively$6(NodeTestTask.java:155) ~[junit-platform-engine-1.8.2.jar:1.8.2]
	at org.junit.platform.engine.support.hierarchical.ThrowableCollector.execute(ThrowableCollector.java:73) ~[junit-platform-engine-1.8.2.jar:1.8.2]
	at org.junit.platform.engine.support.hierarchical.NodeTestTask.lambda$executeRecursively$8(NodeTestTask.java:141) ~[junit-platform-engine-1.8.2.jar:1.8.2]
	at org.junit.platform.engine.support.hierarchical.Node.around(Node.java:137) ~[junit-platform-engine-1.8.2.jar:1.8.2]
	at org.junit.platform.engine.support.hierarchical.NodeTestTask.lambda$executeRecursively$9(NodeTestTask.java:139) ~[junit-platform-engine-1.8.2.jar:1.8.2]
	at org.junit.platform.engine.support.hierarchical.ThrowableCollector.execute(ThrowableCollector.java:73) ~[junit-platform-engine-1.8.2.jar:1.8.2]
	at org.junit.platform.engine.support.hierarchical.NodeTestTask.executeRecursively(NodeTestTask.java:138) ~[junit-platform-engine-1.8.2.jar:1.8.2]
	at org.junit.platform.engine.support.hierarchical.NodeTestTask.execute(NodeTestTask.java:95) ~[junit-platform-engine-1.8.2.jar:1.8.2]
	at org.junit.platform.engine.support.hierarchical.SameThreadHierarchicalTestExecutorService.submit(SameThreadHierarchicalTestExecutorService.java:35) ~[junit-platform-engine-1.8.2.jar:1.8.2]
	at org.junit.platform.engine.support.hierarchical.HierarchicalTestExecutor.execute(HierarchicalTestExecutor.java:57) ~[junit-platform-engine-1.8.2.jar:1.8.2]
	at org.junit.platform.engine.support.hierarchical.HierarchicalTestEngine.execute(HierarchicalTestEngine.java:54) ~[junit-platform-engine-1.8.2.jar:1.8.2]
	at org.junit.platform.launcher.core.DefaultLauncher.execute(DefaultLauncher.java:220) ~[junit-platform-launcher-1.3.1.jar:1.3.1]
	at org.junit.platform.launcher.core.DefaultLauncher.lambda$execute$6(DefaultLauncher.java:188) ~[junit-platform-launcher-1.3.1.jar:1.3.1]
	at org.junit.platform.launcher.core.DefaultLauncher.withInterceptedStreams(DefaultLauncher.java:202) ~[junit-platform-launcher-1.3.1.jar:1.3.1]
	at org.junit.platform.launcher.core.DefaultLauncher.execute(DefaultLauncher.java:181) ~[junit-platform-launcher-1.3.1.jar:1.3.1]
	at org.junit.platform.launcher.core.DefaultLauncher.execute(DefaultLauncher.java:128) ~[junit-platform-launcher-1.3.1.jar:1.3.1]
	at org.apache.maven.surefire.junitplatform.JUnitPlatformProvider.invokeAllTests(JUnitPlatformProvider.java:150) ~[surefire-junit-platform-2.22.2.jar:2.22.2]
	at org.apache.maven.surefire.junitplatform.JUnitPlatformProvider.invoke(JUnitPlatformProvider.java:124) ~[surefire-junit-platform-2.22.2.jar:2.22.2]
	at org.apache.maven.surefire.booter.ForkedBooter.invokeProviderInSameClassLoader(ForkedBooter.java:384) ~[surefire-booter-2.22.2.jar:2.22.2]
	at org.apache.maven.surefire.booter.ForkedBooter.runSuitesInProcess(ForkedBooter.java:345) ~[surefire-booter-2.22.2.jar:2.22.2]
	at org.apache.maven.surefire.booter.ForkedBooter.execute(ForkedBooter.java:126) ~[surefire-booter-2.22.2.jar:2.22.2]
	at org.apache.maven.surefire.booter.ForkedBooter.main(ForkedBooter.java:418) ~[surefire-booter-2.22.2.jar:2.22.2]
Caused by: com.mysql.cj.exceptions.CJCommunicationsException: Communications link failure

The last packet sent successfully to the server was 0 milliseconds ago. The driver has not received any packets from the server.
	at java.base/jdk.internal.reflect.DirectConstructorHandleAccessor.newInstance(DirectConstructorHandleAccessor.java:62) ~[na:na]
	at java.base/java.lang.reflect.Constructor.newInstanceWithCaller(Constructor.java:501) ~[na:na]
	at java.base/java.lang.reflect.Constructor.newInstance(Constructor.java:485) ~[na:na]
	at com.mysql.cj.exceptions.ExceptionFactory.createException(ExceptionFactory.java:61) ~[mysql-connector-java-8.0.23.jar:8.0.23]
	at com.mysql.cj.exceptions.ExceptionFactory.createException(ExceptionFactory.java:105) ~[mysql-connector-java-8.0.23.jar:8.0.23]
	at com.mysql.cj.exceptions.ExceptionFactory.createException(ExceptionFactory.java:151) ~[mysql-connector-java-8.0.23.jar:8.0.23]
	at com.mysql.cj.exceptions.ExceptionFactory.createCommunicationsException(ExceptionFactory.java:167) ~[mysql-connector-java-8.0.23.jar:8.0.23]
	at com.mysql.cj.protocol.a.NativeSocketConnection.connect(NativeSocketConnection.java:89) ~[mysql-connector-java-8.0.23.jar:8.0.23]
	at com.mysql.cj.NativeSession.connect(NativeSession.java:144) ~[mysql-connector-java-8.0.23.jar:8.0.23]
	at com.mysql.cj.jdbc.ConnectionImpl.connectWithRetries(ConnectionImpl.java:847) ~[mysql-connector-java-8.0.23.jar:8.0.23]
	... 104 common frames omitted
Caused by: java.net.UnknownHostException: mysql
	at java.base/java.net.InetAddress$CachedLookup.get(InetAddress.java:998) ~[na:na]
	at java.base/java.net.InetAddress.getAllByName0(InetAddress.java:1807) ~[na:na]
	at java.base/java.net.InetAddress.getAllByName(InetAddress.java:1676) ~[na:na]
	at com.mysql.cj.protocol.StandardSocketFactory.connect(StandardSocketFactory.java:132) ~[mysql-connector-java-8.0.23.jar:8.0.23]
	at com.mysql.cj.protocol.a.NativeSocketConnection.connect(NativeSocketConnection.java:63) ~[mysql-connector-java-8.0.23.jar:8.0.23]
	... 106 common frames omitted

]]></system-out>
  </testcase>
</testsuite>