<?xml version="1.0" encoding="UTF-8"?>
<testsuite xmlns:xsi="http://www.w3.org/2001/XMLSchema-instance" xsi:noNamespaceSchemaLocation="https://maven.apache.org/surefire/maven-surefire-plugin/xsd/surefire-test-report.xsd" name="com.hmall.service.impl.HutoolTest" time="0.077" tests="1" errors="0" skipped="0" failures="0">
  <properties>
    <property name="java.specification.version" value="23"/>
    <property name="sun.cpu.isalist" value="amd64"/>
    <property name="sun.jnu.encoding" value="GBK"/>
    <property name="java.class.path" value="C:\Users\12046\Desktop\routine\hmall\hm-service\target\test-classes;C:\Users\12046\Desktop\routine\hmall\hm-service\target\classes;C:\Users\12046\Desktop\routine\hmall\hm-common\target\hm-common-1.0.0.jar;D:\Application\Maven-3.9.9\mvn-repo\org\apache\commons\commons-pool2\2.11.1\commons-pool2-2.11.1.jar;D:\Application\Maven-3.9.9\mvn-repo\cn\hutool\hutool-all\5.8.11\hutool-all-5.8.11.jar;D:\Application\Maven-3.9.9\mvn-repo\org\springframework\boot\spring-boot-starter-logging\2.7.12\spring-boot-starter-logging-2.7.12.jar;D:\Application\Maven-3.9.9\mvn-repo\ch\qos\logback\logback-classic\1.2.12\logback-classic-1.2.12.jar;D:\Application\Maven-3.9.9\mvn-repo\ch\qos\logback\logback-core\1.2.12\logback-core-1.2.12.jar;D:\Application\Maven-3.9.9\mvn-repo\org\apache\logging\log4j\log4j-to-slf4j\2.17.2\log4j-to-slf4j-2.17.2.jar;D:\Application\Maven-3.9.9\mvn-repo\org\apache\logging\log4j\log4j-api\2.17.2\log4j-api-2.17.2.jar;D:\Application\Maven-3.9.9\mvn-repo\org\slf4j\jul-to-slf4j\1.7.36\jul-to-slf4j-1.7.36.jar;D:\Application\Maven-3.9.9\mvn-repo\org\hibernate\validator\hibernate-validator\6.2.5.Final\hibernate-validator-6.2.5.Final.jar;D:\Application\Maven-3.9.9\mvn-repo\jakarta\validation\jakarta.validation-api\2.0.2\jakarta.validation-api-2.0.2.jar;D:\Application\Maven-3.9.9\mvn-repo\org\jboss\logging\jboss-logging\3.4.3.Final\jboss-logging-3.4.3.Final.jar;D:\Application\Maven-3.9.9\mvn-repo\com\fasterxml\classmate\1.5.1\classmate-1.5.1.jar;D:\Application\Maven-3.9.9\mvn-repo\org\springframework\boot\spring-boot-autoconfigure\2.7.12\spring-boot-autoconfigure-2.7.12.jar;D:\Application\Maven-3.9.9\mvn-repo\org\springframework\boot\spring-boot\2.7.12\spring-boot-2.7.12.jar;D:\Application\Maven-3.9.9\mvn-repo\com\github\xiaoymin\knife4j-openapi2-spring-boot-starter\4.1.0\knife4j-openapi2-spring-boot-starter-4.1.0.jar;D:\Application\Maven-3.9.9\mvn-repo\com\github\xiaoymin\knife4j-core\4.1.0\knife4j-core-4.1.0.jar;D:\Application\Maven-3.9.9\mvn-repo\com\github\xiaoymin\knife4j-openapi2-ui\4.1.0\knife4j-openapi2-ui-4.1.0.jar;D:\Application\Maven-3.9.9\mvn-repo\org\javassist\javassist\3.25.0-GA\javassist-3.25.0-GA.jar;D:\Application\Maven-3.9.9\mvn-repo\io\springfox\springfox-swagger2\2.10.5\springfox-swagger2-2.10.5.jar;D:\Application\Maven-3.9.9\mvn-repo\io\springfox\springfox-spi\2.10.5\springfox-spi-2.10.5.jar;D:\Application\Maven-3.9.9\mvn-repo\io\springfox\springfox-core\2.10.5\springfox-core-2.10.5.jar;D:\Application\Maven-3.9.9\mvn-repo\io\springfox\springfox-schema\2.10.5\springfox-schema-2.10.5.jar;D:\Application\Maven-3.9.9\mvn-repo\io\springfox\springfox-swagger-common\2.10.5\springfox-swagger-common-2.10.5.jar;D:\Application\Maven-3.9.9\mvn-repo\io\springfox\springfox-spring-web\2.10.5\springfox-spring-web-2.10.5.jar;D:\Application\Maven-3.9.9\mvn-repo\io\github\classgraph\classgraph\4.1.7\classgraph-4.1.7.jar;D:\Application\Maven-3.9.9\mvn-repo\org\springframework\plugin\spring-plugin-core\2.0.0.RELEASE\spring-plugin-core-2.0.0.RELEASE.jar;D:\Application\Maven-3.9.9\mvn-repo\org\springframework\plugin\spring-plugin-metadata\2.0.0.RELEASE\spring-plugin-metadata-2.0.0.RELEASE.jar;D:\Application\Maven-3.9.9\mvn-repo\org\mapstruct\mapstruct\1.3.1.Final\mapstruct-1.3.1.Final.jar;D:\Application\Maven-3.9.9\mvn-repo\io\swagger\swagger-models\1.6.6\swagger-models-1.6.6.jar;D:\Application\Maven-3.9.9\mvn-repo\com\fasterxml\jackson\core\jackson-annotations\2.13.5\jackson-annotations-2.13.5.jar;D:\Application\Maven-3.9.9\mvn-repo\io\swagger\swagger-annotations\1.6.6\swagger-annotations-1.6.6.jar;D:\Application\Maven-3.9.9\mvn-repo\io\springfox\springfox-bean-validators\2.10.5\springfox-bean-validators-2.10.5.jar;D:\Application\Maven-3.9.9\mvn-repo\io\springfox\springfox-spring-webmvc\2.10.5\springfox-spring-webmvc-2.10.5.jar;D:\Application\Maven-3.9.9\mvn-repo\com\github\ben-manes\caffeine\caffeine\2.9.3\caffeine-2.9.3.jar;D:\Application\Maven-3.9.9\mvn-repo\org\checkerframework\checker-qual\3.19.0\checker-qual-3.19.0.jar;D:\Application\Maven-3.9.9\mvn-repo\com\google\errorprone\error_prone_annotations\2.10.0\error_prone_annotations-2.10.0.jar;D:\Application\Maven-3.9.9\mvn-repo\org\springframework\boot\spring-boot-starter-web\2.7.12\spring-boot-starter-web-2.7.12.jar;D:\Application\Maven-3.9.9\mvn-repo\org\springframework\boot\spring-boot-starter\2.7.12\spring-boot-starter-2.7.12.jar;D:\Application\Maven-3.9.9\mvn-repo\jakarta\annotation\jakarta.annotation-api\1.3.5\jakarta.annotation-api-1.3.5.jar;D:\Application\Maven-3.9.9\mvn-repo\org\yaml\snakeyaml\1.30\snakeyaml-1.30.jar;D:\Application\Maven-3.9.9\mvn-repo\org\springframework\boot\spring-boot-starter-json\2.7.12\spring-boot-starter-json-2.7.12.jar;D:\Application\Maven-3.9.9\mvn-repo\com\fasterxml\jackson\core\jackson-databind\2.13.5\jackson-databind-2.13.5.jar;D:\Application\Maven-3.9.9\mvn-repo\com\fasterxml\jackson\core\jackson-core\2.13.5\jackson-core-2.13.5.jar;D:\Application\Maven-3.9.9\mvn-repo\com\fasterxml\jackson\datatype\jackson-datatype-jdk8\2.13.5\jackson-datatype-jdk8-2.13.5.jar;D:\Application\Maven-3.9.9\mvn-repo\com\fasterxml\jackson\datatype\jackson-datatype-jsr310\2.13.5\jackson-datatype-jsr310-2.13.5.jar;D:\Application\Maven-3.9.9\mvn-repo\com\fasterxml\jackson\module\jackson-module-parameter-names\2.13.5\jackson-module-parameter-names-2.13.5.jar;D:\Application\Maven-3.9.9\mvn-repo\org\springframework\boot\spring-boot-starter-tomcat\2.7.12\spring-boot-starter-tomcat-2.7.12.jar;D:\Application\Maven-3.9.9\mvn-repo\org\apache\tomcat\embed\tomcat-embed-core\9.0.75\tomcat-embed-core-9.0.75.jar;D:\Application\Maven-3.9.9\mvn-repo\org\apache\tomcat\embed\tomcat-embed-el\9.0.75\tomcat-embed-el-9.0.75.jar;D:\Application\Maven-3.9.9\mvn-repo\org\apache\tomcat\embed\tomcat-embed-websocket\9.0.75\tomcat-embed-websocket-9.0.75.jar;D:\Application\Maven-3.9.9\mvn-repo\org\springframework\spring-web\5.3.27\spring-web-5.3.27.jar;D:\Application\Maven-3.9.9\mvn-repo\org\springframework\spring-beans\5.3.27\spring-beans-5.3.27.jar;D:\Application\Maven-3.9.9\mvn-repo\org\springframework\spring-webmvc\5.3.27\spring-webmvc-5.3.27.jar;D:\Application\Maven-3.9.9\mvn-repo\org\springframework\spring-aop\5.3.27\spring-aop-5.3.27.jar;D:\Application\Maven-3.9.9\mvn-repo\org\springframework\spring-context\5.3.27\spring-context-5.3.27.jar;D:\Application\Maven-3.9.9\mvn-repo\org\springframework\spring-expression\5.3.27\spring-expression-5.3.27.jar;D:\Application\Maven-3.9.9\mvn-repo\org\springframework\security\spring-security-crypto\5.7.8\spring-security-crypto-5.7.8.jar;D:\Application\Maven-3.9.9\mvn-repo\org\springframework\security\spring-security-rsa\1.0.9.RELEASE\spring-security-rsa-1.0.9.RELEASE.jar;D:\Application\Maven-3.9.9\mvn-repo\org\bouncycastle\bcpkix-jdk15on\1.64\bcpkix-jdk15on-1.64.jar;D:\Application\Maven-3.9.9\mvn-repo\org\bouncycastle\bcprov-jdk15on\1.64\bcprov-jdk15on-1.64.jar;D:\Application\Maven-3.9.9\mvn-repo\mysql\mysql-connector-java\8.0.23\mysql-connector-java-8.0.23.jar;D:\Application\Maven-3.9.9\mvn-repo\com\google\protobuf\protobuf-java\3.11.4\protobuf-java-3.11.4.jar;D:\Application\Maven-3.9.9\mvn-repo\com\baomidou\mybatis-plus-boot-starter\3.4.3\mybatis-plus-boot-starter-3.4.3.jar;D:\Application\Maven-3.9.9\mvn-repo\com\baomidou\mybatis-plus\3.4.3\mybatis-plus-3.4.3.jar;D:\Application\Maven-3.9.9\mvn-repo\com\baomidou\mybatis-plus-extension\3.4.3\mybatis-plus-extension-3.4.3.jar;D:\Application\Maven-3.9.9\mvn-repo\com\baomidou\mybatis-plus-core\3.4.3\mybatis-plus-core-3.4.3.jar;D:\Application\Maven-3.9.9\mvn-repo\com\baomidou\mybatis-plus-annotation\3.4.3\mybatis-plus-annotation-3.4.3.jar;D:\Application\Maven-3.9.9\mvn-repo\com\github\jsqlparser\jsqlparser\4.0\jsqlparser-4.0.jar;D:\Application\Maven-3.9.9\mvn-repo\org\mybatis\mybatis\3.5.7\mybatis-3.5.7.jar;D:\Application\Maven-3.9.9\mvn-repo\org\mybatis\mybatis-spring\2.0.6\mybatis-spring-2.0.6.jar;D:\Application\Maven-3.9.9\mvn-repo\org\springframework\boot\spring-boot-starter-jdbc\2.7.12\spring-boot-starter-jdbc-2.7.12.jar;D:\Application\Maven-3.9.9\mvn-repo\com\zaxxer\HikariCP\4.0.3\HikariCP-4.0.3.jar;D:\Application\Maven-3.9.9\mvn-repo\org\springframework\spring-jdbc\5.3.27\spring-jdbc-5.3.27.jar;D:\Application\Maven-3.9.9\mvn-repo\org\springframework\boot\spring-boot-starter-test\2.7.12\spring-boot-starter-test-2.7.12.jar;D:\Application\Maven-3.9.9\mvn-repo\org\springframework\boot\spring-boot-test\2.7.12\spring-boot-test-2.7.12.jar;D:\Application\Maven-3.9.9\mvn-repo\org\springframework\boot\spring-boot-test-autoconfigure\2.7.12\spring-boot-test-autoconfigure-2.7.12.jar;D:\Application\Maven-3.9.9\mvn-repo\com\jayway\jsonpath\json-path\2.7.0\json-path-2.7.0.jar;D:\Application\Maven-3.9.9\mvn-repo\net\minidev\json-smart\2.4.11\json-smart-2.4.11.jar;D:\Application\Maven-3.9.9\mvn-repo\net\minidev\accessors-smart\2.4.11\accessors-smart-2.4.11.jar;D:\Application\Maven-3.9.9\mvn-repo\org\ow2\asm\asm\9.3\asm-9.3.jar;D:\Application\Maven-3.9.9\mvn-repo\org\slf4j\slf4j-api\1.7.36\slf4j-api-1.7.36.jar;D:\Application\Maven-3.9.9\mvn-repo\jakarta\xml\bind\jakarta.xml.bind-api\2.3.3\jakarta.xml.bind-api-2.3.3.jar;D:\Application\Maven-3.9.9\mvn-repo\jakarta\activation\jakarta.activation-api\1.2.2\jakarta.activation-api-1.2.2.jar;D:\Application\Maven-3.9.9\mvn-repo\org\assertj\assertj-core\3.22.0\assertj-core-3.22.0.jar;D:\Application\Maven-3.9.9\mvn-repo\org\hamcrest\hamcrest\2.2\hamcrest-2.2.jar;D:\Application\Maven-3.9.9\mvn-repo\org\junit\jupiter\junit-jupiter\5.8.2\junit-jupiter-5.8.2.jar;D:\Application\Maven-3.9.9\mvn-repo\org\junit\jupiter\junit-jupiter-api\5.8.2\junit-jupiter-api-5.8.2.jar;D:\Application\Maven-3.9.9\mvn-repo\org\opentest4j\opentest4j\1.2.0\opentest4j-1.2.0.jar;D:\Application\Maven-3.9.9\mvn-repo\org\junit\platform\junit-platform-commons\1.8.2\junit-platform-commons-1.8.2.jar;D:\Application\Maven-3.9.9\mvn-repo\org\apiguardian\apiguardian-api\1.1.2\apiguardian-api-1.1.2.jar;D:\Application\Maven-3.9.9\mvn-repo\org\junit\jupiter\junit-jupiter-params\5.8.2\junit-jupiter-params-5.8.2.jar;D:\Application\Maven-3.9.9\mvn-repo\org\junit\jupiter\junit-jupiter-engine\5.8.2\junit-jupiter-engine-5.8.2.jar;D:\Application\Maven-3.9.9\mvn-repo\org\junit\platform\junit-platform-engine\1.8.2\junit-platform-engine-1.8.2.jar;D:\Application\Maven-3.9.9\mvn-repo\org\mockito\mockito-core\4.5.1\mockito-core-4.5.1.jar;D:\Application\Maven-3.9.9\mvn-repo\net\bytebuddy\byte-buddy\1.12.23\byte-buddy-1.12.23.jar;D:\Application\Maven-3.9.9\mvn-repo\net\bytebuddy\byte-buddy-agent\1.12.23\byte-buddy-agent-1.12.23.jar;D:\Application\Maven-3.9.9\mvn-repo\org\objenesis\objenesis\3.2\objenesis-3.2.jar;D:\Application\Maven-3.9.9\mvn-repo\org\mockito\mockito-junit-jupiter\4.5.1\mockito-junit-jupiter-4.5.1.jar;D:\Application\Maven-3.9.9\mvn-repo\org\skyscreamer\jsonassert\1.5.1\jsonassert-1.5.1.jar;D:\Application\Maven-3.9.9\mvn-repo\com\vaadin\external\google\android-json\0.0.20131108.vaadin1\android-json-0.0.20131108.vaadin1.jar;D:\Application\Maven-3.9.9\mvn-repo\org\springframework\spring-core\5.3.27\spring-core-5.3.27.jar;D:\Application\Maven-3.9.9\mvn-repo\org\springframework\spring-jcl\5.3.27\spring-jcl-5.3.27.jar;D:\Application\Maven-3.9.9\mvn-repo\org\springframework\spring-test\5.3.27\spring-test-5.3.27.jar;D:\Application\Maven-3.9.9\mvn-repo\org\xmlunit\xmlunit-core\2.9.1\xmlunit-core-2.9.1.jar;D:\Application\Maven-3.9.9\mvn-repo\org\springframework\boot\spring-boot-starter-data-redis\2.7.12\spring-boot-starter-data-redis-2.7.12.jar;D:\Application\Maven-3.9.9\mvn-repo\org\springframework\data\spring-data-redis\2.7.12\spring-data-redis-2.7.12.jar;D:\Application\Maven-3.9.9\mvn-repo\org\springframework\data\spring-data-keyvalue\2.7.12\spring-data-keyvalue-2.7.12.jar;D:\Application\Maven-3.9.9\mvn-repo\org\springframework\data\spring-data-commons\2.7.12\spring-data-commons-2.7.12.jar;D:\Application\Maven-3.9.9\mvn-repo\org\springframework\spring-tx\5.3.27\spring-tx-5.3.27.jar;D:\Application\Maven-3.9.9\mvn-repo\org\springframework\spring-oxm\5.3.27\spring-oxm-5.3.27.jar;D:\Application\Maven-3.9.9\mvn-repo\org\springframework\spring-context-support\5.3.27\spring-context-support-5.3.27.jar;D:\Application\Maven-3.9.9\mvn-repo\io\lettuce\lettuce-core\6.1.10.RELEASE\lettuce-core-6.1.10.RELEASE.jar;D:\Application\Maven-3.9.9\mvn-repo\io\netty\netty-common\4.1.92.Final\netty-common-4.1.92.Final.jar;D:\Application\Maven-3.9.9\mvn-repo\io\netty\netty-handler\4.1.92.Final\netty-handler-4.1.92.Final.jar;D:\Application\Maven-3.9.9\mvn-repo\io\netty\netty-resolver\4.1.92.Final\netty-resolver-4.1.92.Final.jar;D:\Application\Maven-3.9.9\mvn-repo\io\netty\netty-buffer\4.1.92.Final\netty-buffer-4.1.92.Final.jar;D:\Application\Maven-3.9.9\mvn-repo\io\netty\netty-transport-native-unix-common\4.1.92.Final\netty-transport-native-unix-common-4.1.92.Final.jar;D:\Application\Maven-3.9.9\mvn-repo\io\netty\netty-codec\4.1.92.Final\netty-codec-4.1.92.Final.jar;D:\Application\Maven-3.9.9\mvn-repo\io\netty\netty-transport\4.1.92.Final\netty-transport-4.1.92.Final.jar;D:\Application\Maven-3.9.9\mvn-repo\io\projectreactor\reactor-core\3.4.29\reactor-core-3.4.29.jar;D:\Application\Maven-3.9.9\mvn-repo\org\reactivestreams\reactive-streams\1.0.4\reactive-streams-1.0.4.jar;D:\Application\Maven-3.9.9\mvn-repo\org\projectlombok\lombok\1.18.20\lombok-1.18.20.jar;"/>
    <property name="java.vm.vendor" value="Oracle Corporation"/>
    <property name="sun.arch.data.model" value="64"/>
    <property name="user.variant" value=""/>
    <property name="java.vendor.url" value="https://java.oracle.com/"/>
    <property name="user.timezone" value="Asia/Hong_Kong"/>
    <property name="os.name" value="Windows 10"/>
    <property name="java.vm.specification.version" value="23"/>
    <property name="sun.java.launcher" value="SUN_STANDARD"/>
    <property name="user.country" value="CN"/>
    <property name="sun.boot.library.path" value="D:\Application\Java\jdk\bin"/>
    <property name="sun.java.command" value="C:\Users\12046\AppData\Local\Temp\surefire9468644582692542939\surefirebooter7960715981114230881.jar C:\Users\12046\AppData\Local\Temp\surefire9468644582692542939 2024-12-18T16-31-29_776-jvmRun1 surefire9233378818911985540tmp surefire_09200350143211642179tmp"/>
    <property name="jdk.debug" value="release"/>
    <property name="surefire.test.class.path" value="C:\Users\12046\Desktop\routine\hmall\hm-service\target\test-classes;C:\Users\12046\Desktop\routine\hmall\hm-service\target\classes;C:\Users\12046\Desktop\routine\hmall\hm-common\target\hm-common-1.0.0.jar;D:\Application\Maven-3.9.9\mvn-repo\org\apache\commons\commons-pool2\2.11.1\commons-pool2-2.11.1.jar;D:\Application\Maven-3.9.9\mvn-repo\cn\hutool\hutool-all\5.8.11\hutool-all-5.8.11.jar;D:\Application\Maven-3.9.9\mvn-repo\org\springframework\boot\spring-boot-starter-logging\2.7.12\spring-boot-starter-logging-2.7.12.jar;D:\Application\Maven-3.9.9\mvn-repo\ch\qos\logback\logback-classic\1.2.12\logback-classic-1.2.12.jar;D:\Application\Maven-3.9.9\mvn-repo\ch\qos\logback\logback-core\1.2.12\logback-core-1.2.12.jar;D:\Application\Maven-3.9.9\mvn-repo\org\apache\logging\log4j\log4j-to-slf4j\2.17.2\log4j-to-slf4j-2.17.2.jar;D:\Application\Maven-3.9.9\mvn-repo\org\apache\logging\log4j\log4j-api\2.17.2\log4j-api-2.17.2.jar;D:\Application\Maven-3.9.9\mvn-repo\org\slf4j\jul-to-slf4j\1.7.36\jul-to-slf4j-1.7.36.jar;D:\Application\Maven-3.9.9\mvn-repo\org\hibernate\validator\hibernate-validator\6.2.5.Final\hibernate-validator-6.2.5.Final.jar;D:\Application\Maven-3.9.9\mvn-repo\jakarta\validation\jakarta.validation-api\2.0.2\jakarta.validation-api-2.0.2.jar;D:\Application\Maven-3.9.9\mvn-repo\org\jboss\logging\jboss-logging\3.4.3.Final\jboss-logging-3.4.3.Final.jar;D:\Application\Maven-3.9.9\mvn-repo\com\fasterxml\classmate\1.5.1\classmate-1.5.1.jar;D:\Application\Maven-3.9.9\mvn-repo\org\springframework\boot\spring-boot-autoconfigure\2.7.12\spring-boot-autoconfigure-2.7.12.jar;D:\Application\Maven-3.9.9\mvn-repo\org\springframework\boot\spring-boot\2.7.12\spring-boot-2.7.12.jar;D:\Application\Maven-3.9.9\mvn-repo\com\github\xiaoymin\knife4j-openapi2-spring-boot-starter\4.1.0\knife4j-openapi2-spring-boot-starter-4.1.0.jar;D:\Application\Maven-3.9.9\mvn-repo\com\github\xiaoymin\knife4j-core\4.1.0\knife4j-core-4.1.0.jar;D:\Application\Maven-3.9.9\mvn-repo\com\github\xiaoymin\knife4j-openapi2-ui\4.1.0\knife4j-openapi2-ui-4.1.0.jar;D:\Application\Maven-3.9.9\mvn-repo\org\javassist\javassist\3.25.0-GA\javassist-3.25.0-GA.jar;D:\Application\Maven-3.9.9\mvn-repo\io\springfox\springfox-swagger2\2.10.5\springfox-swagger2-2.10.5.jar;D:\Application\Maven-3.9.9\mvn-repo\io\springfox\springfox-spi\2.10.5\springfox-spi-2.10.5.jar;D:\Application\Maven-3.9.9\mvn-repo\io\springfox\springfox-core\2.10.5\springfox-core-2.10.5.jar;D:\Application\Maven-3.9.9\mvn-repo\io\springfox\springfox-schema\2.10.5\springfox-schema-2.10.5.jar;D:\Application\Maven-3.9.9\mvn-repo\io\springfox\springfox-swagger-common\2.10.5\springfox-swagger-common-2.10.5.jar;D:\Application\Maven-3.9.9\mvn-repo\io\springfox\springfox-spring-web\2.10.5\springfox-spring-web-2.10.5.jar;D:\Application\Maven-3.9.9\mvn-repo\io\github\classgraph\classgraph\4.1.7\classgraph-4.1.7.jar;D:\Application\Maven-3.9.9\mvn-repo\org\springframework\plugin\spring-plugin-core\2.0.0.RELEASE\spring-plugin-core-2.0.0.RELEASE.jar;D:\Application\Maven-3.9.9\mvn-repo\org\springframework\plugin\spring-plugin-metadata\2.0.0.RELEASE\spring-plugin-metadata-2.0.0.RELEASE.jar;D:\Application\Maven-3.9.9\mvn-repo\org\mapstruct\mapstruct\1.3.1.Final\mapstruct-1.3.1.Final.jar;D:\Application\Maven-3.9.9\mvn-repo\io\swagger\swagger-models\1.6.6\swagger-models-1.6.6.jar;D:\Application\Maven-3.9.9\mvn-repo\com\fasterxml\jackson\core\jackson-annotations\2.13.5\jackson-annotations-2.13.5.jar;D:\Application\Maven-3.9.9\mvn-repo\io\swagger\swagger-annotations\1.6.6\swagger-annotations-1.6.6.jar;D:\Application\Maven-3.9.9\mvn-repo\io\springfox\springfox-bean-validators\2.10.5\springfox-bean-validators-2.10.5.jar;D:\Application\Maven-3.9.9\mvn-repo\io\springfox\springfox-spring-webmvc\2.10.5\springfox-spring-webmvc-2.10.5.jar;D:\Application\Maven-3.9.9\mvn-repo\com\github\ben-manes\caffeine\caffeine\2.9.3\caffeine-2.9.3.jar;D:\Application\Maven-3.9.9\mvn-repo\org\checkerframework\checker-qual\3.19.0\checker-qual-3.19.0.jar;D:\Application\Maven-3.9.9\mvn-repo\com\google\errorprone\error_prone_annotations\2.10.0\error_prone_annotations-2.10.0.jar;D:\Application\Maven-3.9.9\mvn-repo\org\springframework\boot\spring-boot-starter-web\2.7.12\spring-boot-starter-web-2.7.12.jar;D:\Application\Maven-3.9.9\mvn-repo\org\springframework\boot\spring-boot-starter\2.7.12\spring-boot-starter-2.7.12.jar;D:\Application\Maven-3.9.9\mvn-repo\jakarta\annotation\jakarta.annotation-api\1.3.5\jakarta.annotation-api-1.3.5.jar;D:\Application\Maven-3.9.9\mvn-repo\org\yaml\snakeyaml\1.30\snakeyaml-1.30.jar;D:\Application\Maven-3.9.9\mvn-repo\org\springframework\boot\spring-boot-starter-json\2.7.12\spring-boot-starter-json-2.7.12.jar;D:\Application\Maven-3.9.9\mvn-repo\com\fasterxml\jackson\core\jackson-databind\2.13.5\jackson-databind-2.13.5.jar;D:\Application\Maven-3.9.9\mvn-repo\com\fasterxml\jackson\core\jackson-core\2.13.5\jackson-core-2.13.5.jar;D:\Application\Maven-3.9.9\mvn-repo\com\fasterxml\jackson\datatype\jackson-datatype-jdk8\2.13.5\jackson-datatype-jdk8-2.13.5.jar;D:\Application\Maven-3.9.9\mvn-repo\com\fasterxml\jackson\datatype\jackson-datatype-jsr310\2.13.5\jackson-datatype-jsr310-2.13.5.jar;D:\Application\Maven-3.9.9\mvn-repo\com\fasterxml\jackson\module\jackson-module-parameter-names\2.13.5\jackson-module-parameter-names-2.13.5.jar;D:\Application\Maven-3.9.9\mvn-repo\org\springframework\boot\spring-boot-starter-tomcat\2.7.12\spring-boot-starter-tomcat-2.7.12.jar;D:\Application\Maven-3.9.9\mvn-repo\org\apache\tomcat\embed\tomcat-embed-core\9.0.75\tomcat-embed-core-9.0.75.jar;D:\Application\Maven-3.9.9\mvn-repo\org\apache\tomcat\embed\tomcat-embed-el\9.0.75\tomcat-embed-el-9.0.75.jar;D:\Application\Maven-3.9.9\mvn-repo\org\apache\tomcat\embed\tomcat-embed-websocket\9.0.75\tomcat-embed-websocket-9.0.75.jar;D:\Application\Maven-3.9.9\mvn-repo\org\springframework\spring-web\5.3.27\spring-web-5.3.27.jar;D:\Application\Maven-3.9.9\mvn-repo\org\springframework\spring-beans\5.3.27\spring-beans-5.3.27.jar;D:\Application\Maven-3.9.9\mvn-repo\org\springframework\spring-webmvc\5.3.27\spring-webmvc-5.3.27.jar;D:\Application\Maven-3.9.9\mvn-repo\org\springframework\spring-aop\5.3.27\spring-aop-5.3.27.jar;D:\Application\Maven-3.9.9\mvn-repo\org\springframework\spring-context\5.3.27\spring-context-5.3.27.jar;D:\Application\Maven-3.9.9\mvn-repo\org\springframework\spring-expression\5.3.27\spring-expression-5.3.27.jar;D:\Application\Maven-3.9.9\mvn-repo\org\springframework\security\spring-security-crypto\5.7.8\spring-security-crypto-5.7.8.jar;D:\Application\Maven-3.9.9\mvn-repo\org\springframework\security\spring-security-rsa\1.0.9.RELEASE\spring-security-rsa-1.0.9.RELEASE.jar;D:\Application\Maven-3.9.9\mvn-repo\org\bouncycastle\bcpkix-jdk15on\1.64\bcpkix-jdk15on-1.64.jar;D:\Application\Maven-3.9.9\mvn-repo\org\bouncycastle\bcprov-jdk15on\1.64\bcprov-jdk15on-1.64.jar;D:\Application\Maven-3.9.9\mvn-repo\mysql\mysql-connector-java\8.0.23\mysql-connector-java-8.0.23.jar;D:\Application\Maven-3.9.9\mvn-repo\com\google\protobuf\protobuf-java\3.11.4\protobuf-java-3.11.4.jar;D:\Application\Maven-3.9.9\mvn-repo\com\baomidou\mybatis-plus-boot-starter\3.4.3\mybatis-plus-boot-starter-3.4.3.jar;D:\Application\Maven-3.9.9\mvn-repo\com\baomidou\mybatis-plus\3.4.3\mybatis-plus-3.4.3.jar;D:\Application\Maven-3.9.9\mvn-repo\com\baomidou\mybatis-plus-extension\3.4.3\mybatis-plus-extension-3.4.3.jar;D:\Application\Maven-3.9.9\mvn-repo\com\baomidou\mybatis-plus-core\3.4.3\mybatis-plus-core-3.4.3.jar;D:\Application\Maven-3.9.9\mvn-repo\com\baomidou\mybatis-plus-annotation\3.4.3\mybatis-plus-annotation-3.4.3.jar;D:\Application\Maven-3.9.9\mvn-repo\com\github\jsqlparser\jsqlparser\4.0\jsqlparser-4.0.jar;D:\Application\Maven-3.9.9\mvn-repo\org\mybatis\mybatis\3.5.7\mybatis-3.5.7.jar;D:\Application\Maven-3.9.9\mvn-repo\org\mybatis\mybatis-spring\2.0.6\mybatis-spring-2.0.6.jar;D:\Application\Maven-3.9.9\mvn-repo\org\springframework\boot\spring-boot-starter-jdbc\2.7.12\spring-boot-starter-jdbc-2.7.12.jar;D:\Application\Maven-3.9.9\mvn-repo\com\zaxxer\HikariCP\4.0.3\HikariCP-4.0.3.jar;D:\Application\Maven-3.9.9\mvn-repo\org\springframework\spring-jdbc\5.3.27\spring-jdbc-5.3.27.jar;D:\Application\Maven-3.9.9\mvn-repo\org\springframework\boot\spring-boot-starter-test\2.7.12\spring-boot-starter-test-2.7.12.jar;D:\Application\Maven-3.9.9\mvn-repo\org\springframework\boot\spring-boot-test\2.7.12\spring-boot-test-2.7.12.jar;D:\Application\Maven-3.9.9\mvn-repo\org\springframework\boot\spring-boot-test-autoconfigure\2.7.12\spring-boot-test-autoconfigure-2.7.12.jar;D:\Application\Maven-3.9.9\mvn-repo\com\jayway\jsonpath\json-path\2.7.0\json-path-2.7.0.jar;D:\Application\Maven-3.9.9\mvn-repo\net\minidev\json-smart\2.4.11\json-smart-2.4.11.jar;D:\Application\Maven-3.9.9\mvn-repo\net\minidev\accessors-smart\2.4.11\accessors-smart-2.4.11.jar;D:\Application\Maven-3.9.9\mvn-repo\org\ow2\asm\asm\9.3\asm-9.3.jar;D:\Application\Maven-3.9.9\mvn-repo\org\slf4j\slf4j-api\1.7.36\slf4j-api-1.7.36.jar;D:\Application\Maven-3.9.9\mvn-repo\jakarta\xml\bind\jakarta.xml.bind-api\2.3.3\jakarta.xml.bind-api-2.3.3.jar;D:\Application\Maven-3.9.9\mvn-repo\jakarta\activation\jakarta.activation-api\1.2.2\jakarta.activation-api-1.2.2.jar;D:\Application\Maven-3.9.9\mvn-repo\org\assertj\assertj-core\3.22.0\assertj-core-3.22.0.jar;D:\Application\Maven-3.9.9\mvn-repo\org\hamcrest\hamcrest\2.2\hamcrest-2.2.jar;D:\Application\Maven-3.9.9\mvn-repo\org\junit\jupiter\junit-jupiter\5.8.2\junit-jupiter-5.8.2.jar;D:\Application\Maven-3.9.9\mvn-repo\org\junit\jupiter\junit-jupiter-api\5.8.2\junit-jupiter-api-5.8.2.jar;D:\Application\Maven-3.9.9\mvn-repo\org\opentest4j\opentest4j\1.2.0\opentest4j-1.2.0.jar;D:\Application\Maven-3.9.9\mvn-repo\org\junit\platform\junit-platform-commons\1.8.2\junit-platform-commons-1.8.2.jar;D:\Application\Maven-3.9.9\mvn-repo\org\apiguardian\apiguardian-api\1.1.2\apiguardian-api-1.1.2.jar;D:\Application\Maven-3.9.9\mvn-repo\org\junit\jupiter\junit-jupiter-params\5.8.2\junit-jupiter-params-5.8.2.jar;D:\Application\Maven-3.9.9\mvn-repo\org\junit\jupiter\junit-jupiter-engine\5.8.2\junit-jupiter-engine-5.8.2.jar;D:\Application\Maven-3.9.9\mvn-repo\org\junit\platform\junit-platform-engine\1.8.2\junit-platform-engine-1.8.2.jar;D:\Application\Maven-3.9.9\mvn-repo\org\mockito\mockito-core\4.5.1\mockito-core-4.5.1.jar;D:\Application\Maven-3.9.9\mvn-repo\net\bytebuddy\byte-buddy\1.12.23\byte-buddy-1.12.23.jar;D:\Application\Maven-3.9.9\mvn-repo\net\bytebuddy\byte-buddy-agent\1.12.23\byte-buddy-agent-1.12.23.jar;D:\Application\Maven-3.9.9\mvn-repo\org\objenesis\objenesis\3.2\objenesis-3.2.jar;D:\Application\Maven-3.9.9\mvn-repo\org\mockito\mockito-junit-jupiter\4.5.1\mockito-junit-jupiter-4.5.1.jar;D:\Application\Maven-3.9.9\mvn-repo\org\skyscreamer\jsonassert\1.5.1\jsonassert-1.5.1.jar;D:\Application\Maven-3.9.9\mvn-repo\com\vaadin\external\google\android-json\0.0.20131108.vaadin1\android-json-0.0.20131108.vaadin1.jar;D:\Application\Maven-3.9.9\mvn-repo\org\springframework\spring-core\5.3.27\spring-core-5.3.27.jar;D:\Application\Maven-3.9.9\mvn-repo\org\springframework\spring-jcl\5.3.27\spring-jcl-5.3.27.jar;D:\Application\Maven-3.9.9\mvn-repo\org\springframework\spring-test\5.3.27\spring-test-5.3.27.jar;D:\Application\Maven-3.9.9\mvn-repo\org\xmlunit\xmlunit-core\2.9.1\xmlunit-core-2.9.1.jar;D:\Application\Maven-3.9.9\mvn-repo\org\springframework\boot\spring-boot-starter-data-redis\2.7.12\spring-boot-starter-data-redis-2.7.12.jar;D:\Application\Maven-3.9.9\mvn-repo\org\springframework\data\spring-data-redis\2.7.12\spring-data-redis-2.7.12.jar;D:\Application\Maven-3.9.9\mvn-repo\org\springframework\data\spring-data-keyvalue\2.7.12\spring-data-keyvalue-2.7.12.jar;D:\Application\Maven-3.9.9\mvn-repo\org\springframework\data\spring-data-commons\2.7.12\spring-data-commons-2.7.12.jar;D:\Application\Maven-3.9.9\mvn-repo\org\springframework\spring-tx\5.3.27\spring-tx-5.3.27.jar;D:\Application\Maven-3.9.9\mvn-repo\org\springframework\spring-oxm\5.3.27\spring-oxm-5.3.27.jar;D:\Application\Maven-3.9.9\mvn-repo\org\springframework\spring-context-support\5.3.27\spring-context-support-5.3.27.jar;D:\Application\Maven-3.9.9\mvn-repo\io\lettuce\lettuce-core\6.1.10.RELEASE\lettuce-core-6.1.10.RELEASE.jar;D:\Application\Maven-3.9.9\mvn-repo\io\netty\netty-common\4.1.92.Final\netty-common-4.1.92.Final.jar;D:\Application\Maven-3.9.9\mvn-repo\io\netty\netty-handler\4.1.92.Final\netty-handler-4.1.92.Final.jar;D:\Application\Maven-3.9.9\mvn-repo\io\netty\netty-resolver\4.1.92.Final\netty-resolver-4.1.92.Final.jar;D:\Application\Maven-3.9.9\mvn-repo\io\netty\netty-buffer\4.1.92.Final\netty-buffer-4.1.92.Final.jar;D:\Application\Maven-3.9.9\mvn-repo\io\netty\netty-transport-native-unix-common\4.1.92.Final\netty-transport-native-unix-common-4.1.92.Final.jar;D:\Application\Maven-3.9.9\mvn-repo\io\netty\netty-codec\4.1.92.Final\netty-codec-4.1.92.Final.jar;D:\Application\Maven-3.9.9\mvn-repo\io\netty\netty-transport\4.1.92.Final\netty-transport-4.1.92.Final.jar;D:\Application\Maven-3.9.9\mvn-repo\io\projectreactor\reactor-core\3.4.29\reactor-core-3.4.29.jar;D:\Application\Maven-3.9.9\mvn-repo\org\reactivestreams\reactive-streams\1.0.4\reactive-streams-1.0.4.jar;D:\Application\Maven-3.9.9\mvn-repo\org\projectlombok\lombok\1.18.20\lombok-1.18.20.jar;"/>
    <property name="sun.cpu.endian" value="little"/>
    <property name="user.home" value="C:\Users\12046"/>
    <property name="user.language" value="zh"/>
    <property name="java.specification.vendor" value="Oracle Corporation"/>
    <property name="java.version.date" value="2024-09-17"/>
    <property name="java.home" value="D:\Application\Java\jdk"/>
    <property name="file.separator" value="\"/>
    <property name="basedir" value="C:\Users\12046\Desktop\routine\hmall\hm-service"/>
    <property name="java.vm.compressedOopsMode" value="Zero based"/>
    <property name="line.separator" value="&#10;"/>
    <property name="java.vm.specification.vendor" value="Oracle Corporation"/>
    <property name="java.specification.name" value="Java Platform API Specification"/>
    <property name="surefire.real.class.path" value="C:\Users\12046\AppData\Local\Temp\surefire9468644582692542939\surefirebooter7960715981114230881.jar"/>
    <property name="user.script" value=""/>
    <property name="sun.management.compiler" value="HotSpot 64-Bit Tiered Compilers"/>
    <property name="java.runtime.version" value="23+37-2369"/>
    <property name="user.name" value="12046"/>
    <property name="stdout.encoding" value="GBK"/>
    <property name="path.separator" value=";"/>
    <property name="os.version" value="10.0"/>
    <property name="java.runtime.name" value="Java(TM) SE Runtime Environment"/>
    <property name="file.encoding" value="UTF-8"/>
    <property name="java.vm.name" value="Java HotSpot(TM) 64-Bit Server VM"/>
    <property name="localRepository" value="D:\Application\Maven-3.9.9\mvn-repo"/>
    <property name="java.vendor.url.bug" value="https://bugreport.java.com/bugreport/"/>
    <property name="java.io.tmpdir" value="C:\Users\12046\AppData\Local\Temp\"/>
    <property name="java.version" value="23"/>
    <property name="user.dir" value="C:\Users\12046\Desktop\routine\hmall\hm-service"/>
    <property name="os.arch" value="amd64"/>
    <property name="java.vm.specification.name" value="Java Virtual Machine Specification"/>
    <property name="sun.os.patch.level" value=""/>
    <property name="native.encoding" value="GBK"/>
    <property name="java.library.path" value="D:\Application\Java\jdk\bin;C:\WINDOWS\Sun\Java\bin;C:\WINDOWS\system32;C:\WINDOWS;D:\Application\Anaconda\condabin;C:\Users\12046\Desktop\sharding;D:\Application\VMware\bin\;C:\Windows\system32;C:\Windows;C:\Windows\System32\Wbem;C:\Windows\System32\WindowsPowerShell\v1.0\;C:\Windows\System32\OpenSSH\;C:\Program Files\NVIDIA Corporation\NVIDIA NvDLISR;D:\00NJUST\runtime\win64;D:\00NJUST\polyspace\bin;D:\00NJUST\Matlab\polyspace\bin;D:\LINGO12\;D:\00NJUST\Edit_polish\latex\texlive\2020\bin\win64;D:\00NJUST\Edit_polish\latex\texlive\2020\bin\win32;C:\WINDOWS\system32;C:\WINDOWS;C:\WINDOWS\System32\Wbem;C:\WINDOWS\System32\WindowsPowerShell\v1.0\;C:\WINDOWS\System32\OpenSSH\;D:\Application\Matlab\runtime\win64;D:\Application\Matlab\bin;D:\Application\Zotero\extensions\PDFtk Server\bin\;C:\Program Files (x86)\ZeroTier\One\;D:\Application\Anaconda;D:\Application\Anaconda\Scripts;D:\Application\Anaconda\Library\bin;D:\Application\Anaconda\Library\mingw-w64\bin;D:\Application\Java\jdk\bin;D:\Application\Maven-3.9.9\bin;D:\Application\Mysql-9.0.1\bin;D:\Application\Tomcat-11.0.1\bin;D:\Application\Git\cmd;;D:\Application\WeiChatWebDeveloper\dll;C:\Users\12046\AppData\Local\Microsoft\WindowsApps;D:\Application\Microsoft VS Code\bin;."/>
    <property name="java.vm.info" value="mixed mode, sharing"/>
    <property name="stderr.encoding" value="GBK"/>
    <property name="java.vendor" value="Oracle Corporation"/>
    <property name="java.vm.version" value="23+37-2369"/>
    <property name="sun.io.unicode.encoding" value="UnicodeLittle"/>
    <property name="java.class.version" value="67.0"/>
  </properties>
  <testcase name="name" classname="com.hmall.service.impl.HutoolTest" time="0.073"/>
</testsuite>